SEGGER J-Link GDB Server V5.12f LogFile
Logging started @ 2017-06-22 15:56
03-00000000-00-00000000-0038: WARNING: Unknown command line parameter singlerun found.
03-00000000-00-00000004-0023: -----GDB Server start settings-----
03-00000000-00-00000004-0023: GDBInit file:                  none
03-00000000-00-00000004-0023: GDB Server Listening port:     2331
03-00000000-00-00000004-0023: SWO raw output listening port: 2332
03-00000000-00-00000004-0023: Terminal I/O port:             2333
03-00000000-00-00000004-002D: Accept remote connection:      localhost only
03-00000000-00-00000004-0021: Generate logfile:              on
03-00000000-00-00000004-0021: Verify download:               on
03-00000000-00-00000004-0021: Init regs on start:            on
03-00000000-00-00000004-0022: Silent mode:                   off
03-00000000-00-00000004-0022: Single run mode:               off
03-00000000-00-00000004-0023: Target connection timeout:     0 ms
03-00000000-00-00000005-0023: ------J-Link related settings------
03-00000000-00-00000005-0022: J-Link Host interface:         USB
03-00000000-00-00000005-0023: J-Link script:                 none
03-00000000-00-00000005-0023: J-Link settings file:          none
03-00000000-00-00000005-0023: ------Target related settings------
03-00000000-00-00000005-0028: Target device:                 Cortex-M0
03-00000000-00-00000005-0022: Target interface:              SWD
03-00000000-00-00000005-0023: Target interface speed:        auto
03-00000000-00-00000005-0025: Target endian:                 little
03-00000000-00-00000005-0017: Connecting to J-Link...
02-00000000-00-00000007-003D: Firmware: J-Link OB-SAM3U128 V1 compiled Mar 29 2016 18:48:55
02-00000000-00-00000007-000F: Hardware: V1.00
02-00000000-00-00000315-0033: S/N: 480058771  returns O.K. (0310ms, 0310ms total)
03-00000000-00-00000315-0014: J-Link is connected.
02-00000000-00-00000317-005F: T3CD0 000:316 JLINK_ExecCommand("device = Cortex-M0", ...)  returns 0x00 (0002ms, 0312ms total)
02-00000000-00-00000317-0068: T3CD0 000:318 JLINK_ExecCommand("SetFlashRewriteBehavior = 1", ...)  returns 0x00 (0000ms, 0312ms total)
02-00000000-00-00000317-0041: T3CD0 000:318 JLINK_GetFirmwareString(...) (0000ms, 0312ms total)
03-00000000-00-00000317-003D: Firmware: J-Link OB-SAM3U128 V1 compiled Mar 29 2016 18:48:55
02-00000000-00-00000317-004F: T3CD0 000:318 JLINK_GetHardwareVersion()  returns 0x2710 (0000ms, 0312ms total)
03-00000000-00-00000317-000F: Hardware: V1.00
03-00000000-00-00000317-000E: S/N: 480058771
02-00000000-00-00000318-0049: T3CD0 000:318 JLINK_GetHWStatus(...)  returns 0x00 (0001ms, 0313ms total)
02-00000000-00-00000318-003C: T3CD0 000:319 JLINK_EnableSoftBPs(ON) (0000ms, 0313ms total)
03-00000000-00-00000318-001A: Checking target voltage...
03-00000000-00-00000318-0016: Target voltage: 3.30 V
03-00000000-00-00000318-001D: Listening on TCP/IP port 2331
03-00000000-00-00000318-0017: Connecting to target...
02-00000000-00-00000318-0035: T3CD0 000:319 JLINK_ClrError() (0000ms, 0313ms total)
02-00000000-00-00000319-0049: T3CD0 000:319 JLINK_GetHWStatus(...)  returns 0x00 (0001ms, 0314ms total)
02-00000000-00-00000319-0055: T3CD0 000:320 JLINK_TIF_Select(JLINKARM_TIF_SWD)  returns 0x00 (0000ms, 0314ms total)
02-00000000-00-00000416-01FA: T3CD0 000:320 JLINK_SetSpeed(0) >0x108 TIF>Found SWD-DP with ID 0x0BB11477 >0x0D TIF> >0x28 TIF> >0x0D TIF> >0x28 TIF> >0x0D TIF> >0x28 TIF> >0x0D TIF> >0x28 TIF> >0x0D TIF> >0x21 TIF> >0x0D TIF> >0x28 TIF> >0x0D TIF> >0x28 TIF> >0x0D TIF> >0x21 TIF> >0x0D TIF> >0x21 TIF> >0x0D TIF> >0x21 TIF> >0x0D TIF> >0x28 TIF> >0x0D TIF> >0x28 TIF> >0x0D TIF> >0x28 TIF> >0x0D TIF> >0x21 TIF> >0x0D TIF> >0x21 TIF> >0x0D TIF> >0x28 TIF> >0x0D TIF> >0x21 TIF> >0x0D TIF> >0x21 TIF>Found Cortex-M0 r0p0, Little endian.
02-00000000-00-00000436-01D8:  -- CPU_ReadMem(4 bytes @ 0xE000EDF0) -- CPU_WriteMem(4 bytes @ 0xE000EDF0) -- CPU_ReadMem(4 bytes @ 0xE0002000) -- CPU_ReadMem(4 bytes @ 0xE000EDFC) -- CPU_WriteMem(4 bytes @ 0xE000EDFC) -- CPU_ReadMem(4 bytes @ 0xE0001000) -- CPU_WriteMem(4 bytes @ 0xE0001000)CoreSight components:ROMTbl 0 @ E00FF000 -- CPU_ReadMem(16 bytes @ 0xE00FF000) -- CPU_ReadMem(16 bytes @ 0xE000EFF0) -- CPU_ReadMem(16 bytes @ 0xE000EFE0)ROMTbl 0 [0]: FFF0F000, CID: B105E00D, PID: 000BB008 SCS
02-00000000-00-00000446-011F:  -- CPU_ReadMem(16 bytes @ 0xE0001FF0) -- CPU_ReadMem(16 bytes @ 0xE0001FE0)ROMTbl 0 [1]: FFF02000, CID: B105E00D, PID: 000BB00A DWT -- CPU_ReadMem(16 bytes @ 0xE0002FF0) -- CPU_ReadMem(16 bytes @ 0xE0002FE0)ROMTbl 0 [2]: FFF03000, CID: B105E00D, PID: 000BB00B FPB (0127ms, 0441ms total)
02-00000000-00-00000446-0044: T3CD0 000:447 JLINK_GetSpeed()  returns 0x7D0 (0000ms, 0441ms total)
02-00000000-00-00000446-0077: T3CD0 000:447 JLINK_SetResetType(JLINKARM_RESET_TYPE_NORMAL)  returns JLINKARM_RESET_TYPE_NORMAL (0000ms, 0441ms total)
02-00000000-00-00000446-003B: T3CD0 000:447 JLINK_SetResetDelay(0) (0000ms, 0441ms total)
02-00000000-00-00000446-0055: T3CD0 000:447 JLINK_SetEndian(ARM_ENDIAN_LITTLE)  returns 0x00 (0000ms, 0441ms total)
02-00000000-00-00000452-01F8: T3CD0 000:447 JLINK_Connect() >0x108 TIF>Found SWD-DP with ID 0x0BB11477 >0x0D TIF> >0x28 TIF> >0x0D TIF> >0x28 TIF> >0x0D TIF> >0x28 TIF> >0x0D TIF> >0x28 TIF> >0x0D TIF> >0x21 TIF> >0x0D TIF> >0x28 TIF> >0x0D TIF> >0x28 TIF> >0x0D TIF> >0x21 TIF> >0x0D TIF> >0x21 TIF> >0x0D TIF> >0x21 TIF> >0x0D TIF> >0x28 TIF> >0x0D TIF> >0x28 TIF> >0x0D TIF> >0x28 TIF> >0x0D TIF> >0x21 TIF> >0x0D TIF> >0x21 TIF> >0x0D TIF> >0x28 TIF> >0x0D TIF> >0x21 TIF> >0x0D TIF> >0x21 TIF>Found Cortex-M0 r0p0, Little endian.
02-00000000-00-00000456-01D8:  -- CPU_ReadMem(4 bytes @ 0xE000EDF0) -- CPU_ReadMem(4 bytes @ 0xE0002000) -- CPU_ReadMem(4 bytes @ 0xE000EDFC) -- CPU_ReadMem(4 bytes @ 0xE0001000) -- CPU_WriteMem(4 bytes @ 0xE0001000)CoreSight components:ROMTbl 0 @ E00FF000 -- CPU_ReadMem(16 bytes @ 0xE00FF000) -- CPU_ReadMem(16 bytes @ 0xE000EFF0) -- CPU_ReadMem(16 bytes @ 0xE000EFE0)ROMTbl 0 [0]: FFF0F000, CID: B105E00D, PID: 000BB008 SCS -- CPU_ReadMem(16 bytes @ 0xE0001FF0) -- CPU_ReadMem(16 bytes @ 0xE0001FE0)
02-00000000-00-00000456-00E1: ROMTbl 0 [1]: FFF02000, CID: B105E00D, PID: 000BB00A DWT -- CPU_ReadMem(16 bytes @ 0xE0002FF0) -- CPU_ReadMem(16 bytes @ 0xE0002FE0)ROMTbl 0 [2]: FFF03000, CID: B105E00D, PID: 000BB00B FPB  returns 0x00 (0010ms, 0451ms total)
02-00000000-00-00000457-00A2: T3CD0 000:457 JLINK_GetIdData(...) >0x0D TIF> >0x21 TIF> ScanLen=4 NumDevices=1 aId[0]=0x0BB11477 aIrRead[0]=0 aScanLen[0]=0 aScanRead[0]=0 (0001ms, 0452ms total)
02-00000000-00-00000457-0047: T3CD0 000:458 JLINK_GetDeviceFamily()  returns 6 (0000ms, 0452ms total)
02-00000000-00-00000457-004D: T3CD0 000:458 JLINK_CORE_GetFound()  returns 0x60000FF (0000ms, 0452ms total)
02-00000000-00-00000457-0044: T3CD0 000:458 JLINK_IsHalted()  returns FALSE (0000ms, 0452ms total)
02-00000000-00-00000461-003F: T3CD0 000:458 JLINK_Halt()  returns 0x00 (0004ms, 0456ms total)
02-00000000-00-00000461-0043: T3CD0 000:462 JLINK_IsHalted()  returns TRUE (0000ms, 0456ms total)
02-00000000-00-00000461-0051: T3CD0 000:462 JLINK_WriteReg(R0, 0x00000000)  returns 0x00 (0000ms, 0456ms total)
02-00000000-00-00000461-0051: T3CD0 000:462 JLINK_WriteReg(R1, 0x00000000)  returns 0x00 (0000ms, 0456ms total)
02-00000000-00-00000461-0051: T3CD0 000:462 JLINK_WriteReg(R2, 0x00000000)  returns 0x00 (0000ms, 0456ms total)
02-00000000-00-00000461-0051: T3CD0 000:462 JLINK_WriteReg(R3, 0x00000000)  returns 0x00 (0000ms, 0456ms total)
02-00000000-00-00000461-0051: T3CD0 000:462 JLINK_WriteReg(R4, 0x00000000)  returns 0x00 (0000ms, 0456ms total)
02-00000000-00-00000461-0051: T3CD0 000:462 JLINK_WriteReg(R5, 0x00000000)  returns 0x00 (0000ms, 0456ms total)
02-00000000-00-00000461-0051: T3CD0 000:462 JLINK_WriteReg(R6, 0x00000000)  returns 0x00 (0000ms, 0456ms total)
02-00000000-00-00000461-0051: T3CD0 000:462 JLINK_WriteReg(R7, 0x00000000)  returns 0x00 (0000ms, 0456ms total)
02-00000000-00-00000461-0051: T3CD0 000:462 JLINK_WriteReg(R8, 0x00000000)  returns 0x00 (0000ms, 0456ms total)
02-00000000-00-00000461-0051: T3CD0 000:462 JLINK_WriteReg(R9, 0x00000000)  returns 0x00 (0000ms, 0456ms total)
02-00000000-00-00000461-0052: T3CD0 000:462 JLINK_WriteReg(R10, 0x00000000)  returns 0x00 (0000ms, 0456ms total)
02-00000000-00-00000461-0052: T3CD0 000:462 JLINK_WriteReg(R11, 0x00000000)  returns 0x00 (0000ms, 0456ms total)
02-00000000-00-00000461-0052: T3CD0 000:462 JLINK_WriteReg(R12, 0x00000000)  returns 0x00 (0000ms, 0456ms total)
02-00000000-00-00000461-0057: T3CD0 000:462 JLINK_WriteReg(R13 (SP), 0x00000000)  returns 0x00 (0000ms, 0456ms total)
02-00000000-00-00000461-0052: T3CD0 000:462 JLINK_WriteReg(R14, 0x00000000)  returns 0x00 (0000ms, 0456ms total)
02-00000000-00-00000461-0057: T3CD0 000:462 JLINK_WriteReg(R15 (PC), 0x00000000)  returns 0x00 (0000ms, 0456ms total)
02-00000000-00-00000461-0053: T3CD0 000:462 JLINK_WriteReg(XPSR, 0x01000000)  returns 0x00 (0000ms, 0456ms total)
03-00000000-00-00000461-0013: Connected to target
03-00000000-00-00000461-001D: Waiting for GDB connection...
02-00000000-00-00002418-0049: T3ADC 002:418 JLINK_GetHWStatus(...)  returns 0x00 (0001ms, 0457ms total)
03-00000000-00-00002833-0016: Connected to 127.0.0.1
00-000002C4-00-00002843-0001: +
00-000002C4-00-00002843-0028: $qSupported:multiprocess+;qRelocInsn+#2a
01-000002C4-00-00002843-0001: +
01-000002C4-00-00002843-006D: $PacketSize=4000;qXfer:memory-map:read-;QStartNoAckMode+;qXfer:threads:read+;hwbreak+;qXfer:features:read+#18
00-000002C4-00-00002843-0001: +
00-000002C4-00-00002843-0013: $QStartNoAckMode#b0
01-000002C4-00-00002843-0001: +
01-000002C4-00-00002843-0006: $OK#9a
00-000002C4-00-00002843-0001: +
00-000002C4-00-00002843-0007: $Hg0#df
01-000002C4-00-00002843-0006: $OK#9a
00-000002C4-00-00002844-0028: $qXfer:features:read:target.xml:0,fff#7d
01-000002C4-00-00002866-07E5: $l<?xml version="1.0"?>
<!-- Copyright (C) 2008 Free Software Foundation, Inc.

     Copying and distribution of this file, with or without modification,
     are permitted in any medium without royalty provided the copyright
     notice and this notice are preserved.  -->

<!DOCTYPE feature SYSTEM "gdb-target.dtd">
<target>
  <architecture>arm</architecture>
<feature name="org.gnu.gdb.arm.m-profile">
    <reg name="r0" bitsize="32" type="uint32" group="general"/>
    <reg name="r1" bitsize="32" type="uint32" group="general"/>
    <reg name="r2" bitsize="32" type="uint32" group="general"/>
    <reg name="r3" bitsize="32" type="uint32" group="general"/>
    <reg name="r4" bitsize="32" type="uint32" group="general"/>
    <reg name="r5" bitsize="32" type="uint32" group="general"/>
    <reg name="r6" bitsize="32" type="uint32" group="general"/>
    <reg name="r7" bitsize="32" type="uint32" group="general"/>
    <reg name="r8" bitsize="32" type="uint32" group="general"/>
    <reg name="r9" bitsize="32" type="uint32" group="general"/>
    <reg name="r10" bitsize="32" type="uint32" group="general"/>
    <reg name="r11" bitsize="32" type="uint32" group="general"/>
    <reg name="r12" bitsize="32" type="uint32" group="general"/>
    <reg name="sp" bitsize="32" type="data_ptr" group="general"/>
    <reg name="lr" bitsize="32" type="uint32" group="general"/>
    <reg name="pc" bitsize="32" type="code_ptr" group="general"/>
    <reg name="xpsr" bitsize="32" regnum="25" type="uint32" group="general"/>
    <reg name="MSP" bitsize="32" regnum="26" type="uint32" group="general"/>
    <reg name="PSP" bitsize="32" regnum="27" type="uint32" group="general"/>
    <reg name="PRIMASK" bitsize="32" regnum="28" type="uint32" group="general"/>
    <reg name="BASEPRI" bitsize="32" regnum="29" type="uint32" group="general"/>
    <reg name="FAULTMASK" bitsize="32" regnum="30" type="uint32" group="general"/>
    <reg name="CONTROL" bitsize="32" regnum="31" type="uint32" group="general"/>
  </feature>
</target>

#3d
00-000002C4-00-00002881-000C: $qTStatus#49
01-000002C4-00-00002881-0004: $#00
00-000002C4-00-00002882-0005: $?#3f
01-000002C4-00-00002882-0007: $S05#b8
00-000002C4-00-00002882-001D: $qXfer:threads:read::0,fff#03
01-000002C4-00-00002882-0005: $l#6c
00-000002C4-00-00002882-0008: $Hc-1#09
01-000002C4-00-00002882-0006: $OK#9a
00-000002C4-00-00002882-0006: $qC#b4
01-000002C4-00-00002882-0004: $#00
00-000002C4-00-00002882-000D: $qAttached#8f
01-000002C4-00-00002882-0004: $#00
00-000002C4-00-00002883-0005: $g#67
03-00000000-00-00002883-0015: Reading all registers
02-00000000-00-00002883-004A: T3C28 002:884 JLINK_ReadReg(R0)  returns 0x00000000 (0000ms, 0457ms total)
02-00000000-00-00002883-004A: T3C28 002:884 JLINK_ReadReg(R1)  returns 0x00000000 (0000ms, 0457ms total)
02-00000000-00-00002883-004A: T3C28 002:884 JLINK_ReadReg(R2)  returns 0x00000000 (0000ms, 0457ms total)
02-00000000-00-00002883-004A: T3C28 002:884 JLINK_ReadReg(R3)  returns 0x00000000 (0000ms, 0457ms total)
02-00000000-00-00002883-004A: T3C28 002:884 JLINK_ReadReg(R4)  returns 0x00000000 (0000ms, 0457ms total)
02-00000000-00-00002883-004A: T3C28 002:884 JLINK_ReadReg(R5)  returns 0x00000000 (0000ms, 0457ms total)
02-00000000-00-00002883-004A: T3C28 002:884 JLINK_ReadReg(R6)  returns 0x00000000 (0000ms, 0457ms total)
02-00000000-00-00002883-004A: T3C28 002:884 JLINK_ReadReg(R7)  returns 0x00000000 (0000ms, 0457ms total)
02-00000000-00-00002883-004A: T3C28 002:884 JLINK_ReadReg(R8)  returns 0x00000000 (0000ms, 0457ms total)
02-00000000-00-00002883-004A: T3C28 002:884 JLINK_ReadReg(R9)  returns 0x00000000 (0000ms, 0457ms total)
02-00000000-00-00002883-004B: T3C28 002:884 JLINK_ReadReg(R10)  returns 0x00000000 (0000ms, 0457ms total)
02-00000000-00-00002883-004B: T3C28 002:884 JLINK_ReadReg(R11)  returns 0x00000000 (0000ms, 0457ms total)
02-00000000-00-00002883-004B: T3C28 002:884 JLINK_ReadReg(R12)  returns 0x00000000 (0000ms, 0457ms total)
02-00000000-00-00002884-0050: T3C28 002:885 JLINK_ReadReg(R13 (SP))  returns 0x00000000 (0000ms, 0458ms total)
02-00000000-00-00002884-004B: T3C28 002:885 JLINK_ReadReg(R14)  returns 0x00000000 (0000ms, 0458ms total)
02-00000000-00-00002884-0050: T3C28 002:885 JLINK_ReadReg(R15 (PC))  returns 0x00000000 (0000ms, 0458ms total)
02-00000000-00-00002884-004C: T3C28 002:885 JLINK_ReadReg(XPSR)  returns 0x01000000 (0000ms, 0458ms total)
02-00000000-00-00002884-004B: T3C28 002:885 JLINK_ReadReg(MSP)  returns 0x07FCFFC0 (0000ms, 0458ms total)
02-00000000-00-00002884-004B: T3C28 002:885 JLINK_ReadReg(PSP)  returns 0x00000000 (0000ms, 0458ms total)
02-00000000-00-00002884-004F: T3C28 002:885 JLINK_ReadReg(PRIMASK)  returns 0x00000001 (0000ms, 0458ms total)
02-00000000-00-00002884-004F: T3C28 002:885 JLINK_ReadReg(BASEPRI)  returns 0x00000000 (0000ms, 0458ms total)
02-00000000-00-00002884-0051: T3C28 002:885 JLINK_ReadReg(FAULTMASK)  returns 0x00000000 (0000ms, 0458ms total)
02-00000000-00-00002884-004F: T3C28 002:885 JLINK_ReadReg(CONTROL)  returns 0x02000000 (0000ms, 0458ms total)
01-000002C4-00-00002884-00BC: $0000000000000000000000000000000000000000000000000000000000000000000000000000000000000000000000000000000000000000000000000000000000000001c0fffc070000000001000000000000000000000002000000#93
00-000002C4-00-00002884-0008: $m0,4#fd
02-00000000-00-00002885-0099: T3C28 002:885 JLINK_ReadMem (0x00000000, 0x0004 Bytes, ...) -- CPU_ReadMem(4 bytes @ 0x00000000) - Data: 00 00 FD 07  returns 0x00 (0001ms, 0459ms total)
03-00000000-00-00002885-0035: Read 4 bytes @ address 0x00000000 (Data = 0x07FD0000)
01-000002C4-00-00002885-000C: $0000fd07#f1
00-000002C4-00-00003518-001A: $qRcmd,7370656564203330#5f
02-00000000-00-00003518-0037: T3C28 003:519 JLINK_SetSpeed(30) (0000ms, 0459ms total)
02-00000000-00-00003518-0043: T3C28 003:519 JLINK_GetSpeed()  returns 0x1E (0000ms, 0459ms total)
01-000002C4-00-00003518-0050: $54617267657420696e746572666163652073706565642073657420746f203330206b487a0D0A#5a
03-00000000-00-00003519-0024: Target interface speed set to 30 kHz
00-000002C4-00-00003519-0014: $qRcmd,636c726270#5d
01-000002C4-00-00003519-0006: $OK#9a
00-000002C4-00-00003519-0018: $qRcmd,72657365742030#fc
02-00000000-00-00003519-0077: T3C28 003:520 JLINK_SetResetType(JLINKARM_RESET_TYPE_NORMAL)  returns JLINKARM_RESET_TYPE_NORMAL (0000ms, 0459ms total)
02-00000000-00-00003520-003E: T3C28 003:521 JLINK_ResetPullsRESET(ON) (0000ms, 0460ms total)
02-00000000-00-00003815-01FB: T3C28 003:521 JLINK_Reset() -- CPU_WriteMem(4 bytes @ 0xE000EDF0) -- CPU_WriteMem(4 bytes @ 0xE000EDFC) >0x35 TIF> -- CPU_WriteMem(4 bytes @ 0xE000ED0C) -- CPU_ReadMem(4 bytes @ 0xE000EDF0) -- CPU_ReadMem(4 bytes @ 0xE000EDF0) -- CPU_WriteMem(4 bytes @ 0xE000EDF0) -- CPU_WriteMem(4 bytes @ 0xE000EDFC) -- CPU is running -- CPU_ReadMem(4 bytes @ 0xE000EDF0) -- CPU_WriteMem(4 bytes @ 0xE0002000) -- CPU_ReadMem(4 bytes @ 0xE000EDFC) -- CPU_ReadMem(4 bytes @ 0xE0001000) -- CPU_WriteMem(4 bytes @ 0xE0001000)
02-00000000-00-00003815-0017:  (0295ms, 0755ms total)
01-000002C4-00-00003815-007C: $52657365747320636f72652026207065726970686572616c7320766961205359535245534554524551202620564543545245534554206269742e0D0A#1f
03-00000000-00-00003815-003A: Resets core & peripherals via SYSRESETREQ & VECTRESET bit.
00-000002C4-00-00003815-0012: $qRcmd,68616c74#fc
03-00000000-00-00003815-0015: Halting target CPU...
02-00000000-00-00003815-003F: T3C28 003:816 JLINK_Halt()  returns 0x00 (0000ms, 0755ms total)
02-00000000-00-00003815-0043: T3C28 003:816 JLINK_IsHalted()  returns TRUE (0000ms, 0755ms total)
02-00000000-00-00003815-0050: T3C28 003:816 JLINK_ReadReg(R15 (PC))  returns 0x08000134 (0000ms, 0755ms total)
03-00000000-00-00003815-0022: ...Target halted (PC = 0x08000134)
01-000002C4-00-00003815-0006: $OK#9a
00-000002C4-00-00003816-0012: $qRcmd,72656773#ce
02-00000000-00-00003816-004F: T3C28 003:817 JLINK_ReadReg(PRIMASK)  returns 0x00000000 (0000ms, 0755ms total)
02-00000000-00-00003816-004F: T3C28 003:817 JLINK_ReadReg(BASEPRI)  returns 0x00000000 (0000ms, 0755ms total)
02-00000000-00-00003816-0051: T3C28 003:817 JLINK_ReadReg(FAULTMASK)  returns 0x00000000 (0000ms, 0755ms total)
02-00000000-00-00003816-004F: T3C28 003:817 JLINK_ReadReg(CONTROL)  returns 0x00000000 (0000ms, 0755ms total)
02-00000000-00-00003816-004C: T3C28 003:817 JLINK_ReadReg(CFBP)  returns 0x00000000 (0000ms, 0755ms total)
02-00000000-00-00003816-004C: T3C28 003:817 JLINK_ReadReg(IPSR)  returns 0x00000000 (0000ms, 0755ms total)
02-00000000-00-00003816-004C: T3C28 003:817 JLINK_ReadReg(EPSR)  returns 0x01000000 (0000ms, 0755ms total)
02-00000000-00-00003816-004C: T3C28 003:817 JLINK_ReadReg(APSR)  returns 0xC0000000 (0000ms, 0755ms total)
02-00000000-00-00003817-004C: T3C28 003:818 JLINK_ReadReg(XPSR)  returns 0xC1000000 (0000ms, 0755ms total)
02-00000000-00-00003817-0050: T3C28 003:818 JLINK_ReadReg(R15 (PC))  returns 0x08000134 (0000ms, 0755ms total)
02-00000000-00-00003817-004B: T3C28 003:818 JLINK_ReadReg(R14)  returns 0xFFFFFFFF (0000ms, 0755ms total)
02-00000000-00-00003817-004B: T3C28 003:818 JLINK_ReadReg(PSP)  returns 0xFFFFFFFC (0000ms, 0755ms total)
02-00000000-00-00003817-004B: T3C28 003:818 JLINK_ReadReg(MSP)  returns 0x07FD0000 (0000ms, 0755ms total)
02-00000000-00-00003817-0050: T3C28 003:818 JLINK_ReadReg(R13 (SP))  returns 0x07FD0000 (0000ms, 0755ms total)
02-00000000-00-00003817-004B: T3C28 003:818 JLINK_ReadReg(R12)  returns 0xFFFFFFFF (0000ms, 0755ms total)
02-00000000-00-00003817-004B: T3C28 003:818 JLINK_ReadReg(R11)  returns 0xFFFFFFFF (0000ms, 0755ms total)
02-00000000-00-00003817-004B: T3C28 003:818 JLINK_ReadReg(R10)  returns 0xFFFFFFFF (0000ms, 0755ms total)
02-00000000-00-00003817-004A: T3C28 003:818 JLINK_ReadReg(R9)  returns 0xFFFFFFFF (0000ms, 0755ms total)
02-00000000-00-00003817-004A: T3C28 003:818 JLINK_ReadReg(R8)  returns 0xFFFFFFFF (0000ms, 0755ms total)
02-00000000-00-00003817-004A: T3C28 003:818 JLINK_ReadReg(R7)  returns 0xFFFFFFFF (0000ms, 0755ms total)
02-00000000-00-00003817-004A: T3C28 003:818 JLINK_ReadReg(R6)  returns 0xFFFFFFFF (0000ms, 0755ms total)
02-00000000-00-00003817-004A: T3C28 003:818 JLINK_ReadReg(R5)  returns 0xFFFFFFFF (0000ms, 0755ms total)
02-00000000-00-00003817-004A: T3C28 003:818 JLINK_ReadReg(R4)  returns 0xFFFFFFFF (0000ms, 0755ms total)
02-00000000-00-00003817-004A: T3C28 003:818 JLINK_ReadReg(R3)  returns 0xFFFFFFFF (0000ms, 0755ms total)
02-00000000-00-00003817-004A: T3C28 003:818 JLINK_ReadReg(R2)  returns 0xFFFFFFFF (0000ms, 0755ms total)
02-00000000-00-00003817-004A: T3C28 003:818 JLINK_ReadReg(R1)  returns 0xFFFFFFFF (0000ms, 0755ms total)
02-00000000-00-00003817-004A: T3C28 003:818 JLINK_ReadReg(R0)  returns 0xFFFFFFFF (0000ms, 0755ms total)
01-000002C4-00-00003817-0322: $5230203d2046464646464646462c205231203d2046464646464646462c205232203d2046464646464646462c205233203d2046464646464646460a5234203d2046464646464646462c205235203d2046464646464646462c205236203d2046464646464646462c205237203d2046464646464646460a5238203d2046464646464646462c205239203d2046464646464646462c205231303d2046464646464646462c205231313d2046464646464646460a5231323d2046464646464646462c205231333d2030374644303030302c204d53503d2030374644303030302c205053503d2046464646464646430a523134284c5229203d2046464646464646462c2052313528504329203d2030383030303133340a585053522043313030303030302c20415053522043303030303030302c20455053522030313030303030302c20495053522030303030303030300a434642502030303030303030302c20434f4e54524f4c2030302c204641554c544d41534b2030302c20424153455052492030302c205052494d41534b2030300D0A#13
03-00000000-00-00003821-003A: R0 = FFFFFFFF, R1 = FFFFFFFF, R2 = FFFFFFFF, R3 = FFFFFFFF
03-00000000-00-00003821-003A: R4 = FFFFFFFF, R5 = FFFFFFFF, R6 = FFFFFFFF, R7 = FFFFFFFF
03-00000000-00-00003821-003A: R8 = FFFFFFFF, R9 = FFFFFFFF, R10= FFFFFFFF, R11= FFFFFFFF
03-00000000-00-00003821-003A: R12= FFFFFFFF, R13= 07FD0000, MSP= 07FD0000, PSP= FFFFFFFC
03-00000000-00-00003821-0026: R14(LR) = FFFFFFFF, R15(PC) = 08000134
03-00000000-00-00003821-003A: XPSR C1000000, APSR C0000000, EPSR 01000000, IPSR 00000000
03-00000000-00-00003821-003F: CFBP 00000000, CONTROL 00, FAULTMASK 00, BASEPRI 00, PRIMASK 00
00-000002C4-00-00003821-0005: $g#67
03-00000000-00-00003821-0015: Reading all registers
02-00000000-00-00003821-004A: T3C28 003:822 JLINK_ReadReg(R0)  returns 0xFFFFFFFF (0000ms, 0755ms total)
02-00000000-00-00003821-004A: T3C28 003:822 JLINK_ReadReg(R1)  returns 0xFFFFFFFF (0000ms, 0755ms total)
02-00000000-00-00003821-004A: T3C28 003:822 JLINK_ReadReg(R2)  returns 0xFFFFFFFF (0000ms, 0755ms total)
02-00000000-00-00003821-004A: T3C28 003:822 JLINK_ReadReg(R3)  returns 0xFFFFFFFF (0000ms, 0755ms total)
02-00000000-00-00003821-004A: T3C28 003:822 JLINK_ReadReg(R4)  returns 0xFFFFFFFF (0000ms, 0755ms total)
02-00000000-00-00003821-004A: T3C28 003:822 JLINK_ReadReg(R5)  returns 0xFFFFFFFF (0000ms, 0755ms total)
02-00000000-00-00003821-004A: T3C28 003:822 JLINK_ReadReg(R6)  returns 0xFFFFFFFF (0000ms, 0755ms total)
02-00000000-00-00003821-004A: T3C28 003:822 JLINK_ReadReg(R7)  returns 0xFFFFFFFF (0000ms, 0755ms total)
02-00000000-00-00003821-004A: T3C28 003:822 JLINK_ReadReg(R8)  returns 0xFFFFFFFF (0000ms, 0755ms total)
02-00000000-00-00003821-004A: T3C28 003:822 JLINK_ReadReg(R9)  returns 0xFFFFFFFF (0000ms, 0755ms total)
02-00000000-00-00003821-004B: T3C28 003:822 JLINK_ReadReg(R10)  returns 0xFFFFFFFF (0000ms, 0755ms total)
02-00000000-00-00003821-004B: T3C28 003:822 JLINK_ReadReg(R11)  returns 0xFFFFFFFF (0000ms, 0755ms total)
02-00000000-00-00003821-004B: T3C28 003:822 JLINK_ReadReg(R12)  returns 0xFFFFFFFF (0000ms, 0755ms total)
02-00000000-00-00003821-0050: T3C28 003:822 JLINK_ReadReg(R13 (SP))  returns 0x07FD0000 (0000ms, 0755ms total)
02-00000000-00-00003821-004B: T3C28 003:822 JLINK_ReadReg(R14)  returns 0xFFFFFFFF (0000ms, 0755ms total)
02-00000000-00-00003821-0050: T3C28 003:822 JLINK_ReadReg(R15 (PC))  returns 0x08000134 (0000ms, 0755ms total)
02-00000000-00-00003821-004C: T3C28 003:822 JLINK_ReadReg(XPSR)  returns 0xC1000000 (0000ms, 0755ms total)
02-00000000-00-00003821-004B: T3C28 003:822 JLINK_ReadReg(MSP)  returns 0x07FD0000 (0000ms, 0755ms total)
02-00000000-00-00003821-004B: T3C28 003:822 JLINK_ReadReg(PSP)  returns 0xFFFFFFFC (0000ms, 0755ms total)
02-00000000-00-00003821-004F: T3C28 003:822 JLINK_ReadReg(PRIMASK)  returns 0x00000000 (0000ms, 0755ms total)
02-00000000-00-00003821-004F: T3C28 003:822 JLINK_ReadReg(BASEPRI)  returns 0x00000000 (0000ms, 0755ms total)
02-00000000-00-00003821-0051: T3C28 003:822 JLINK_ReadReg(FAULTMASK)  returns 0x00000000 (0000ms, 0755ms total)
02-00000000-00-00003821-004F: T3C28 003:822 JLINK_ReadReg(CONTROL)  returns 0x00000000 (0000ms, 0755ms total)
01-000002C4-00-00003821-00BC: $ffffffffffffffffffffffffffffffffffffffffffffffffffffffffffffffffffffffffffffffffffffffffffffffffffffffff0000fd07ffffffff34010008000000c10000fd07fcffffff00000000000000000000000000000000#f3
00-000002C4-00-00003822-000E: $m8000134,4#2d
02-00000000-00-00003831-0099: T3C28 003:823 JLINK_ReadMem (0x08000134, 0x0004 Bytes, ...) -- CPU_ReadMem(4 bytes @ 0x08000134) - Data: 2C 4C 0F CC  returns 0x00 (0009ms, 0764ms total)
03-00000000-00-00003831-0035: Read 4 bytes @ address 0x08000134 (Data = 0xCC0F4C2C)
01-000002C4-00-00003831-000C: $2c4c0fcc#88
00-000002C4-00-00003832-001E: $qRcmd,7370656564206175746f#70
02-00000000-00-00003832-0038: T3C28 003:833 JLINK_SetMaxSpeed() (0000ms, 0764ms total)
02-00000000-00-00003832-0044: T3C28 003:833 JLINK_GetSpeed()  returns 0x7D0 (0000ms, 0764ms total)
01-000002C4-00-00003832-0062: $53656c656374206175746f2074617267657420696e74657266616365207370656564202832303030206b487a290D0A#34
03-00000000-00-00003832-002D: Select auto target interface speed (2000 kHz)
00-000002C4-00-00003833-0030: $qRcmd,666c61736820627265616b706f696e74732030#ab
02-00000000-00-00003833-005C: T3C28 003:834 JLINK_ExecCommand("DisableFlashBPs", ...)  returns 0x00 (0000ms, 0764ms total)
01-000002C4-00-00003833-003C: $466c61736820627265616b706f696e74732064697361626c65640D0A#88
03-00000000-00-00003833-001A: Flash breakpoints disabled
00-000002C4-00-00003834-0034: $qRcmd,6d656d5533322030783430304333303530203d2031#12
02-00000000-00-00003835-007F: T3C28 003:835 JLINK_WriteU32(0x400C3050, 0x00000001) -- CPU_WriteMem(4 bytes @ 0x400C3050)  returns 0x00 (0001ms, 0765ms total)
01-000002C4-00-00003835-0056: $57726974696e6720307830303030303030312040206164647265737320307834303043333035300D0A#bf
03-00000000-00-00003835-0027: Writing 0x00000001 @ address 0x400C3050
00-000002C4-00-00003836-001E: $qRcmd,736c6565702031303030#52
02-00000000-00-00004624-0049: T3ADC 004:624 JLINK_GetHWStatus(...)  returns 0x00 (0001ms, 0766ms total)
01-000002C4-00-00004837-0020: $536c65657020313030306d730D0A#16
03-00000000-00-00004837-000C: Sleep 1000ms
00-000002C4-00-00004838-0018: $qRcmd,72657365742030#fc
02-00000000-00-00004838-0077: T3C28 004:839 JLINK_SetResetType(JLINKARM_RESET_TYPE_NORMAL)  returns JLINKARM_RESET_TYPE_NORMAL (0000ms, 0767ms total)
02-00000000-00-00004838-003E: T3C28 004:839 JLINK_ResetPullsRESET(ON) (0000ms, 0767ms total)
02-00000000-00-00004852-01FB: T3C28 004:839 JLINK_Reset() -- CPU_WriteMem(4 bytes @ 0xE000EDF0) -- CPU_WriteMem(4 bytes @ 0xE000EDFC) >0x35 TIF> -- CPU_WriteMem(4 bytes @ 0xE000ED0C) -- CPU_ReadMem(4 bytes @ 0xE000EDF0) >0x108 TIF>Found SWD-DP with ID 0x0BB11477 >0x0D TIF> >0x28 TIF> >0x0D TIF> >0x28 TIF> >0x0D TIF> >0x28 TIF> >0x0D TIF> >0x28 TIF> >0x0D TIF> >0x21 TIF> >0x0D TIF> >0x28 TIF> >0x0D TIF> >0x28 TIF> >0x0D TIF> >0x21 TIF> >0x0D TIF> >0x21 TIF> >0x0D TIF> >0x21 TIF> >0x0D TIF> >0x28 TIF> >0x0D TIF> >0x28 TIF> >0x0D TIF>
02-00000000-00-00004868-01E7:  >0x28 TIF> >0x0D TIF> >0x21 TIF> >0x0D TIF> >0x21 TIF> >0x0D TIF> >0x28 TIF> >0x0D TIF> >0x21 TIF> >0x0D TIF> >0x21 TIF>Found Cortex-M0 r0p0, Little endian. -- CPU_WriteMem(4 bytes @ 0xE000EDF0) -- CPU_WriteMem(4 bytes @ 0xE000EDFC) >0x35 TIF> -- CPU_WriteMem(4 bytes @ 0xE000ED0C) -- CPU_ReadMem(4 bytes @ 0xE000EDF0) -- CPU_ReadMem(4 bytes @ 0xE000EDF0) -- CPU_WriteMem(4 bytes @ 0xE000EDF0) -- CPU_WriteMem(4 bytes @ 0xE000EDFC) -- CPU is running -- CPU_ReadMem(4 bytes @ 0xE000EDF0)
02-00000000-00-00004870-00AD:  -- CPU_WriteMem(4 bytes @ 0xE0002000) -- CPU_ReadMem(4 bytes @ 0xE000EDFC) -- CPU_ReadMem(4 bytes @ 0xE0001000) -- CPU_WriteMem(4 bytes @ 0xE0001000) (0032ms, 0799ms total)
01-000002C4-00-00004870-007C: $52657365747320636f72652026207065726970686572616c7320766961205359535245534554524551202620564543545245534554206269742e0D0A#1f
03-00000000-00-00004870-003A: Resets core & peripherals via SYSRESETREQ & VECTRESET bit.
00-000002C4-00-00004957-000D: $qSymbol::#5b
01-000002C4-00-00004957-0004: $#00
00-000002C4-00-00004978-000E: $m8000134,4#2d
02-00000000-00-00004978-0099: T3C28 004:979 JLINK_ReadMem (0x08000134, 0x0004 Bytes, ...) -- CPU_ReadMem(4 bytes @ 0x08000134) - Data: 2C 4C 0F CC  returns 0x00 (0000ms, 0799ms total)
03-00000000-00-00004978-0035: Read 4 bytes @ address 0x08000134 (Data = 0xCC0F4C2C)
01-000002C4-00-00004978-000C: $2c4c0fcc#88
00-000002C4-00-00005306-000E: $m8008d5a,2#95
02-00000000-00-00005306-0093: T3C28 005:307 JLINK_ReadMem (0x08008D5A, 0x0002 Bytes, ...) -- CPU_ReadMem(2 bytes @ 0x08008D5A) - Data: 06 4B  returns 0x00 (0000ms, 0799ms total)
03-00000000-00-00005307-0031: Read 2 bytes @ address 0x08008D5A (Data = 0x4B06)
01-000002C4-00-00005307-0008: $064b#fc
00-000002C4-00-00005307-000E: $m8008d5c,2#97
02-00000000-00-00005307-0093: T3C28 005:308 JLINK_ReadMem (0x08008D5C, 0x0002 Bytes, ...) -- CPU_ReadMem(2 bytes @ 0x08008D5C) - Data: 18 68  returns 0x00 (0000ms, 0799ms total)
03-00000000-00-00005307-0031: Read 2 bytes @ address 0x08008D5C (Data = 0x6818)
01-000002C4-00-00005307-0008: $1868#d7
00-000002C4-00-00005307-000E: $m8008d5e,2#99
02-00000000-00-00005308-0093: T3C28 005:308 JLINK_ReadMem (0x08008D5E, 0x0002 Bytes, ...) -- CPU_ReadMem(2 bytes @ 0x08008D5E) - Data: FC F7  returns 0x00 (0001ms, 0800ms total)
03-00000000-00-00005308-0031: Read 2 bytes @ address 0x08008D5E (Data = 0xF7FC)
01-000002C4-00-00005308-0008: $fcf7#66
00-000002C4-00-00005308-000E: $m8008d5e,2#99
02-00000000-00-00005309-0093: T3C28 005:309 JLINK_ReadMem (0x08008D5E, 0x0002 Bytes, ...) -- CPU_ReadMem(2 bytes @ 0x08008D5E) - Data: FC F7  returns 0x00 (0001ms, 0801ms total)
03-00000000-00-00005309-0031: Read 2 bytes @ address 0x08008D5E (Data = 0xF7FC)
01-000002C4-00-00005309-0008: $fcf7#66
00-000002C4-00-00005318-000E: $m800874c,2#69
02-00000000-00-00005318-0093: T3C28 005:319 JLINK_ReadMem (0x0800874C, 0x0002 Bytes, ...) -- CPU_ReadMem(2 bytes @ 0x0800874C) - Data: 08 BD  returns 0x00 (0000ms, 0801ms total)
03-00000000-00-00005318-0031: Read 2 bytes @ address 0x0800874C (Data = 0xBD08)
01-000002C4-00-00005318-0008: $08bd#2e
00-000002C4-00-00005318-000E: $m8008764,2#3c
02-00000000-00-00005319-0093: T3C28 005:320 JLINK_ReadMem (0x08008764, 0x0002 Bytes, ...) -- CPU_ReadMem(2 bytes @ 0x08008764) - Data: C0 B2  returns 0x00 (0000ms, 0801ms total)
03-00000000-00-00005319-0031: Read 2 bytes @ address 0x08008764 (Data = 0xB2C0)
01-000002C4-00-00005319-0008: $c0b2#27
00-000002C4-00-00005321-000E: $m8008d5a,2#95
02-00000000-00-00005321-0093: T3C28 005:322 JLINK_ReadMem (0x08008D5A, 0x0002 Bytes, ...) -- CPU_ReadMem(2 bytes @ 0x08008D5A) - Data: 06 4B  returns 0x00 (0000ms, 0801ms total)
03-00000000-00-00005321-0031: Read 2 bytes @ address 0x08008D5A (Data = 0x4B06)
01-000002C4-00-00005321-0008: $064b#fc
00-000002C4-00-00005321-000E: $m8008d5c,2#97
02-00000000-00-00005322-0093: T3C28 005:322 JLINK_ReadMem (0x08008D5C, 0x0002 Bytes, ...) -- CPU_ReadMem(2 bytes @ 0x08008D5C) - Data: 18 68  returns 0x00 (0001ms, 0802ms total)
03-00000000-00-00005322-0031: Read 2 bytes @ address 0x08008D5C (Data = 0x6818)
01-000002C4-00-00005322-0008: $1868#d7
00-000002C4-00-00005322-000E: $m8008d5e,2#99
02-00000000-00-00005323-0093: T3C28 005:323 JLINK_ReadMem (0x08008D5E, 0x0002 Bytes, ...) -- CPU_ReadMem(2 bytes @ 0x08008D5E) - Data: FC F7  returns 0x00 (0001ms, 0803ms total)
03-00000000-00-00005323-0031: Read 2 bytes @ address 0x08008D5E (Data = 0xF7FC)
01-000002C4-00-00005323-0008: $fcf7#66
00-000002C4-00-00005323-000E: $m8008d5a,2#95
02-00000000-00-00005323-0093: T3C28 005:324 JLINK_ReadMem (0x08008D5A, 0x0002 Bytes, ...) -- CPU_ReadMem(2 bytes @ 0x08008D5A) - Data: 06 4B  returns 0x00 (0000ms, 0803ms total)
03-00000000-00-00005323-0031: Read 2 bytes @ address 0x08008D5A (Data = 0x4B06)
01-000002C4-00-00005323-0008: $064b#fc
00-000002C4-00-00005324-000E: $m800874c,2#69
02-00000000-00-00005325-0093: T3C28 005:325 JLINK_ReadMem (0x0800874C, 0x0002 Bytes, ...) -- CPU_ReadMem(2 bytes @ 0x0800874C) - Data: 08 BD  returns 0x00 (0001ms, 0804ms total)
03-00000000-00-00005325-0031: Read 2 bytes @ address 0x0800874C (Data = 0xBD08)
01-000002C4-00-00005325-0008: $08bd#2e
00-000002C4-00-00005325-000E: $m8008760,2#38
02-00000000-00-00005326-0093: T3C28 005:326 JLINK_ReadMem (0x08008760, 0x0002 Bytes, ...) -- CPU_ReadMem(2 bytes @ 0x08008760) - Data: 43 42  returns 0x00 (0001ms, 0805ms total)
03-00000000-00-00005326-0031: Read 2 bytes @ address 0x08008760 (Data = 0x4243)
01-000002C4-00-00005326-0008: $4342#cd
00-000002C4-00-00005328-000E: $m800874c,2#69
02-00000000-00-00005329-0093: T3C28 005:329 JLINK_ReadMem (0x0800874C, 0x0002 Bytes, ...) -- CPU_ReadMem(2 bytes @ 0x0800874C) - Data: 08 BD  returns 0x00 (0001ms, 0806ms total)
03-00000000-00-00005329-0031: Read 2 bytes @ address 0x0800874C (Data = 0xBD08)
01-000002C4-00-00005329-0008: $08bd#2e
00-000002C4-00-00005329-000E: $m800879a,2#6c
02-00000000-00-00005330-0093: T3C28 005:330 JLINK_ReadMem (0x0800879A, 0x0002 Bytes, ...) -- CPU_ReadMem(2 bytes @ 0x0800879A) - Data: 4B 60  returns 0x00 (0001ms, 0807ms total)
03-00000000-00-00005330-0031: Read 2 bytes @ address 0x0800879A (Data = 0x604B)
01-000002C4-00-00005330-0008: $4b60#fc
02-00000000-00-00006831-0049: T3ADC 006:832 JLINK_GetHWStatus(...)  returns 0x00 (0000ms, 0807ms total)
00-000002C4-00-00007260-0014: $qRcmd,636c726270#5d
01-000002C4-00-00007260-0006: $OK#9a
00-000002C4-00-00007260-0018: $qRcmd,72657365742030#fc
02-00000000-00-00007260-0077: T3C28 007:261 JLINK_SetResetType(JLINKARM_RESET_TYPE_NORMAL)  returns JLINKARM_RESET_TYPE_NORMAL (0000ms, 0807ms total)
02-00000000-00-00007260-003E: T3C28 007:261 JLINK_ResetPullsRESET(ON) (0000ms, 0807ms total)
02-00000000-00-00007279-01FB: T3C28 007:261 JLINK_Reset() -- CPU_WriteMem(4 bytes @ 0xE000EDF0) -- CPU_WriteMem(4 bytes @ 0xE000EDFC) >0x35 TIF> -- CPU_WriteMem(4 bytes @ 0xE000ED0C) -- CPU_ReadMem(4 bytes @ 0xE000EDF0) -- CPU_ReadMem(4 bytes @ 0xE000EDF0) -- CPU_WriteMem(4 bytes @ 0xE000EDF0) -- CPU_WriteMem(4 bytes @ 0xE000EDFC) -- CPU is running -- CPU_ReadMem(4 bytes @ 0xE000EDF0) -- CPU_WriteMem(4 bytes @ 0xE0002000) -- CPU_ReadMem(4 bytes @ 0xE000EDFC) -- CPU_ReadMem(4 bytes @ 0xE0001000) -- CPU_WriteMem(4 bytes @ 0xE0001000)
02-00000000-00-00007279-0017:  (0019ms, 0826ms total)
01-000002C4-00-00007279-007C: $52657365747320636f72652026207065726970686572616c7320766961205359535245534554524551202620564543545245534554206269742e0D0A#1f
03-00000000-00-00007279-003A: Resets core & peripherals via SYSRESETREQ & VECTRESET bit.
00-000002C4-00-00007279-0012: $qRcmd,68616c74#fc
03-00000000-00-00007279-0015: Halting target CPU...
02-00000000-00-00007279-003F: T3C28 007:280 JLINK_Halt()  returns 0x00 (0000ms, 0826ms total)
02-00000000-00-00007279-0043: T3C28 007:280 JLINK_IsHalted()  returns TRUE (0000ms, 0826ms total)
02-00000000-00-00007279-0050: T3C28 007:280 JLINK_ReadReg(R15 (PC))  returns 0x08000134 (0000ms, 0826ms total)
03-00000000-00-00007280-0022: ...Target halted (PC = 0x08000134)
01-000002C4-00-00007280-0006: $OK#9a
00-000002C4-00-00007281-000E: $m8008d5a,2#95
02-00000000-00-00007282-0093: T3C28 007:282 JLINK_ReadMem (0x08008D5A, 0x0002 Bytes, ...) -- CPU_ReadMem(2 bytes @ 0x08008D5A) - Data: 06 4B  returns 0x00 (0001ms, 0827ms total)
03-00000000-00-00007282-0031: Read 2 bytes @ address 0x08008D5A (Data = 0x4B06)
01-000002C4-00-00007282-0008: $064b#fc
00-000002C4-00-00007282-000E: $m8008d5c,2#97
02-00000000-00-00007282-0093: T3C28 007:283 JLINK_ReadMem (0x08008D5C, 0x0002 Bytes, ...) -- CPU_ReadMem(2 bytes @ 0x08008D5C) - Data: 18 68  returns 0x00 (0000ms, 0827ms total)
03-00000000-00-00007283-0031: Read 2 bytes @ address 0x08008D5C (Data = 0x6818)
01-000002C4-00-00007283-0008: $1868#d7
00-000002C4-00-00007283-000E: $m8008d5e,2#99
02-00000000-00-00007283-0093: T3C28 007:284 JLINK_ReadMem (0x08008D5E, 0x0002 Bytes, ...) -- CPU_ReadMem(2 bytes @ 0x08008D5E) - Data: FC F7  returns 0x00 (0000ms, 0827ms total)
03-00000000-00-00007283-0031: Read 2 bytes @ address 0x08008D5E (Data = 0xF7FC)
01-000002C4-00-00007283-0008: $fcf7#66
00-000002C4-00-00007283-000E: $m8008d5a,2#95
02-00000000-00-00007284-0093: T3C28 007:284 JLINK_ReadMem (0x08008D5A, 0x0002 Bytes, ...) -- CPU_ReadMem(2 bytes @ 0x08008D5A) - Data: 06 4B  returns 0x00 (0001ms, 0828ms total)
03-00000000-00-00007284-0031: Read 2 bytes @ address 0x08008D5A (Data = 0x4B06)
01-000002C4-00-00007284-0008: $064b#fc
00-000002C4-00-00007284-000E: $m8008d5c,2#97
02-00000000-00-00007285-0093: T3C28 007:285 JLINK_ReadMem (0x08008D5C, 0x0002 Bytes, ...) -- CPU_ReadMem(2 bytes @ 0x08008D5C) - Data: 18 68  returns 0x00 (0001ms, 0829ms total)
03-00000000-00-00007285-0031: Read 2 bytes @ address 0x08008D5C (Data = 0x6818)
01-000002C4-00-00007285-0008: $1868#d7
00-000002C4-00-00007285-000E: $m8008d5e,2#99
02-00000000-00-00007285-0093: T3C28 007:286 JLINK_ReadMem (0x08008D5E, 0x0002 Bytes, ...) -- CPU_ReadMem(2 bytes @ 0x08008D5E) - Data: FC F7  returns 0x00 (0000ms, 0829ms total)
03-00000000-00-00007285-0031: Read 2 bytes @ address 0x08008D5E (Data = 0xF7FC)
01-000002C4-00-00007285-0008: $fcf7#66
00-000002C4-00-00007286-000E: $m8008d58,2#6c
02-00000000-00-00007286-0093: T3C28 007:287 JLINK_ReadMem (0x08008D58, 0x0002 Bytes, ...) -- CPU_ReadMem(2 bytes @ 0x08008D58) - Data: 65 FF  returns 0x00 (0000ms, 0829ms total)
03-00000000-00-00007286-0031: Read 2 bytes @ address 0x08008D58 (Data = 0xFF65)
01-000002C4-00-00007286-0008: $65ff#37
00-000002C4-00-00007287-0012: $qRcmd,72656773#ce
02-00000000-00-00007287-004F: T3C28 007:288 JLINK_ReadReg(PRIMASK)  returns 0x00000000 (0000ms, 0829ms total)
02-00000000-00-00007287-004F: T3C28 007:288 JLINK_ReadReg(BASEPRI)  returns 0x00000000 (0000ms, 0829ms total)
02-00000000-00-00007287-0051: T3C28 007:288 JLINK_ReadReg(FAULTMASK)  returns 0x00000000 (0000ms, 0829ms total)
02-00000000-00-00007287-004F: T3C28 007:288 JLINK_ReadReg(CONTROL)  returns 0x00000000 (0000ms, 0829ms total)
02-00000000-00-00007287-004C: T3C28 007:288 JLINK_ReadReg(CFBP)  returns 0x00000000 (0000ms, 0829ms total)
02-00000000-00-00007287-004C: T3C28 007:288 JLINK_ReadReg(IPSR)  returns 0x00000000 (0000ms, 0829ms total)
02-00000000-00-00007287-004C: T3C28 007:288 JLINK_ReadReg(EPSR)  returns 0x01000000 (0000ms, 0829ms total)
02-00000000-00-00007287-004C: T3C28 007:288 JLINK_ReadReg(APSR)  returns 0xC0000000 (0000ms, 0829ms total)
02-00000000-00-00007287-004C: T3C28 007:288 JLINK_ReadReg(XPSR)  returns 0xC1000000 (0000ms, 0829ms total)
02-00000000-00-00007287-0050: T3C28 007:288 JLINK_ReadReg(R15 (PC))  returns 0x08000134 (0000ms, 0829ms total)
02-00000000-00-00007287-004B: T3C28 007:288 JLINK_ReadReg(R14)  returns 0xFFFFFFFF (0000ms, 0829ms total)
02-00000000-00-00007287-004B: T3C28 007:288 JLINK_ReadReg(PSP)  returns 0xFFFFFFFC (0000ms, 0829ms total)
02-00000000-00-00007287-004B: T3C28 007:288 JLINK_ReadReg(MSP)  returns 0x07FD0000 (0000ms, 0829ms total)
02-00000000-00-00007287-0050: T3C28 007:288 JLINK_ReadReg(R13 (SP))  returns 0x07FD0000 (0000ms, 0829ms total)
02-00000000-00-00007287-004B: T3C28 007:288 JLINK_ReadReg(R12)  returns 0xFFFFFFFF (0000ms, 0829ms total)
02-00000000-00-00007287-004B: T3C28 007:288 JLINK_ReadReg(R11)  returns 0xFFFFFFFF (0000ms, 0829ms total)
02-00000000-00-00007287-004B: T3C28 007:288 JLINK_ReadReg(R10)  returns 0xFFFFFFFF (0000ms, 0829ms total)
02-00000000-00-00007287-004A: T3C28 007:288 JLINK_ReadReg(R9)  returns 0xFFFFFFFF (0000ms, 0829ms total)
02-00000000-00-00007287-004A: T3C28 007:288 JLINK_ReadReg(R8)  returns 0xFFFFFFFF (0000ms, 0829ms total)
02-00000000-00-00007287-004A: T3C28 007:288 JLINK_ReadReg(R7)  returns 0xFFFFFFFF (0000ms, 0829ms total)
02-00000000-00-00007287-004A: T3C28 007:288 JLINK_ReadReg(R6)  returns 0xFFFFFFFF (0000ms, 0829ms total)
02-00000000-00-00007287-004A: T3C28 007:288 JLINK_ReadReg(R5)  returns 0xFFFFFFFF (0000ms, 0829ms total)
02-00000000-00-00007287-004A: T3C28 007:288 JLINK_ReadReg(R4)  returns 0xFFFFFFFF (0000ms, 0829ms total)
02-00000000-00-00007287-004A: T3C28 007:288 JLINK_ReadReg(R3)  returns 0xFFFFFFFF (0000ms, 0829ms total)
02-00000000-00-00007287-004A: T3C28 007:288 JLINK_ReadReg(R2)  returns 0xFFFFFFFF (0000ms, 0829ms total)
02-00000000-00-00007288-004A: T3C28 007:289 JLINK_ReadReg(R1)  returns 0xFFFFFFFF (0000ms, 0830ms total)
02-00000000-00-00007288-004A: T3C28 007:289 JLINK_ReadReg(R0)  returns 0xFFFFFFFF (0000ms, 0830ms total)
01-000002C4-00-00007288-0322: $5230203d2046464646464646462c205231203d2046464646464646462c205232203d2046464646464646462c205233203d2046464646464646460a5234203d2046464646464646462c205235203d2046464646464646462c205236203d2046464646464646462c205237203d2046464646464646460a5238203d2046464646464646462c205239203d2046464646464646462c205231303d2046464646464646462c205231313d2046464646464646460a5231323d2046464646464646462c205231333d2030374644303030302c204d53503d2030374644303030302c205053503d2046464646464646430a523134284c5229203d2046464646464646462c2052313528504329203d2030383030303133340a585053522043313030303030302c20415053522043303030303030302c20455053522030313030303030302c20495053522030303030303030300a434642502030303030303030302c20434f4e54524f4c2030302c204641554c544d41534b2030302c20424153455052492030302c205052494d41534b2030300D0A#13
03-00000000-00-00007289-003A: R0 = FFFFFFFF, R1 = FFFFFFFF, R2 = FFFFFFFF, R3 = FFFFFFFF
03-00000000-00-00007289-003A: R4 = FFFFFFFF, R5 = FFFFFFFF, R6 = FFFFFFFF, R7 = FFFFFFFF
03-00000000-00-00007289-003A: R8 = FFFFFFFF, R9 = FFFFFFFF, R10= FFFFFFFF, R11= FFFFFFFF
03-00000000-00-00007289-003A: R12= FFFFFFFF, R13= 07FD0000, MSP= 07FD0000, PSP= FFFFFFFC
03-00000000-00-00007289-0026: R14(LR) = FFFFFFFF, R15(PC) = 08000134
03-00000000-00-00007289-003A: XPSR C1000000, APSR C0000000, EPSR 01000000, IPSR 00000000
03-00000000-00-00007289-003F: CFBP 00000000, CONTROL 00, FAULTMASK 00, BASEPRI 00, PRIMASK 00
00-000002C4-00-00007290-0005: $g#67
03-00000000-00-00007290-0015: Reading all registers
02-00000000-00-00007290-004A: T3C28 007:291 JLINK_ReadReg(R0)  returns 0xFFFFFFFF (0000ms, 0830ms total)
02-00000000-00-00007290-004A: T3C28 007:291 JLINK_ReadReg(R1)  returns 0xFFFFFFFF (0000ms, 0830ms total)
02-00000000-00-00007290-004A: T3C28 007:291 JLINK_ReadReg(R2)  returns 0xFFFFFFFF (0000ms, 0830ms total)
02-00000000-00-00007290-004A: T3C28 007:291 JLINK_ReadReg(R3)  returns 0xFFFFFFFF (0000ms, 0830ms total)
02-00000000-00-00007290-004A: T3C28 007:291 JLINK_ReadReg(R4)  returns 0xFFFFFFFF (0000ms, 0830ms total)
02-00000000-00-00007290-004A: T3C28 007:291 JLINK_ReadReg(R5)  returns 0xFFFFFFFF (0000ms, 0830ms total)
02-00000000-00-00007290-004A: T3C28 007:291 JLINK_ReadReg(R6)  returns 0xFFFFFFFF (0000ms, 0830ms total)
02-00000000-00-00007290-004A: T3C28 007:291 JLINK_ReadReg(R7)  returns 0xFFFFFFFF (0000ms, 0830ms total)
02-00000000-00-00007290-004A: T3C28 007:291 JLINK_ReadReg(R8)  returns 0xFFFFFFFF (0000ms, 0830ms total)
02-00000000-00-00007290-004A: T3C28 007:291 JLINK_ReadReg(R9)  returns 0xFFFFFFFF (0000ms, 0830ms total)
02-00000000-00-00007290-004B: T3C28 007:291 JLINK_ReadReg(R10)  returns 0xFFFFFFFF (0000ms, 0830ms total)
02-00000000-00-00007290-004B: T3C28 007:291 JLINK_ReadReg(R11)  returns 0xFFFFFFFF (0000ms, 0830ms total)
02-00000000-00-00007291-004B: T3C28 007:292 JLINK_ReadReg(R12)  returns 0xFFFFFFFF (0000ms, 0831ms total)
02-00000000-00-00007291-0050: T3C28 007:292 JLINK_ReadReg(R13 (SP))  returns 0x07FD0000 (0000ms, 0831ms total)
02-00000000-00-00007291-004B: T3C28 007:292 JLINK_ReadReg(R14)  returns 0xFFFFFFFF (0000ms, 0831ms total)
02-00000000-00-00007291-0050: T3C28 007:292 JLINK_ReadReg(R15 (PC))  returns 0x08000134 (0000ms, 0831ms total)
02-00000000-00-00007291-004C: T3C28 007:292 JLINK_ReadReg(XPSR)  returns 0xC1000000 (0000ms, 0831ms total)
02-00000000-00-00007291-004B: T3C28 007:292 JLINK_ReadReg(MSP)  returns 0x07FD0000 (0000ms, 0831ms total)
02-00000000-00-00007291-004B: T3C28 007:292 JLINK_ReadReg(PSP)  returns 0xFFFFFFFC (0000ms, 0831ms total)
02-00000000-00-00007291-004F: T3C28 007:292 JLINK_ReadReg(PRIMASK)  returns 0x00000000 (0000ms, 0831ms total)
02-00000000-00-00007291-004F: T3C28 007:292 JLINK_ReadReg(BASEPRI)  returns 0x00000000 (0000ms, 0831ms total)
02-00000000-00-00007291-0051: T3C28 007:292 JLINK_ReadReg(FAULTMASK)  returns 0x00000000 (0000ms, 0831ms total)
02-00000000-00-00007291-004F: T3C28 007:292 JLINK_ReadReg(CONTROL)  returns 0x00000000 (0000ms, 0831ms total)
01-000002C4-00-00007291-00BC: $ffffffffffffffffffffffffffffffffffffffffffffffffffffffffffffffffffffffffffffffffffffffffffffffffffffffff0000fd07ffffffff34010008000000c10000fd07fcffffff00000000000000000000000000000000#f3
00-000002C4-00-00007291-000E: $m8000134,4#2d
02-00000000-00-00007291-0099: T3C28 007:292 JLINK_ReadMem (0x08000134, 0x0004 Bytes, ...) -- CPU_ReadMem(4 bytes @ 0x08000134) - Data: 2C 4C 0F CC  returns 0x00 (0000ms, 0831ms total)
03-00000000-00-00007292-0035: Read 4 bytes @ address 0x08000134 (Data = 0xCC0F4C2C)
01-000002C4-00-00007292-000C: $2c4c0fcc#88
00-000002C4-00-00007292-0010: $Z0,8008760,2#81
02-00000000-00-00007292-0066: T3C28 007:293 JLINK_SetBPEx(Addr = 0x08008760, Type = 0x02)  returns 0x00000001 (0000ms, 0831ms total)
03-00000000-00-00007292-0044: Setting breakpoint @ address 0x08008760, Size = 2, BPHandle = 0x0001
01-000002C4-00-00007292-0006: $OK#9a
00-000002C4-00-00007292-0010: $Z0,8008764,2#85
02-00000000-00-00007293-0066: T3C28 007:294 JLINK_SetBPEx(Addr = 0x08008764, Type = 0x02)  returns 0x00000002 (0000ms, 0831ms total)
03-00000000-00-00007293-0044: Setting breakpoint @ address 0x08008764, Size = 2, BPHandle = 0x0002
01-000002C4-00-00007293-0006: $OK#9a
00-000002C4-00-00007293-0010: $Z0,800879a,2#b5
02-00000000-00-00007293-0066: T3C28 007:294 JLINK_SetBPEx(Addr = 0x0800879A, Type = 0x02)  returns 0x00000003 (0000ms, 0831ms total)
03-00000000-00-00007293-0044: Setting breakpoint @ address 0x0800879A, Size = 2, BPHandle = 0x0003
01-000002C4-00-00007293-0006: $OK#9a
00-000002C4-00-00007293-0010: $Z0,8008d58,2#b5
02-00000000-00-00007293-0066: T3C28 007:294 JLINK_SetBPEx(Addr = 0x08008D58, Type = 0x02)  returns 0x00000004 (0000ms, 0831ms total)
03-00000000-00-00007294-0044: Setting breakpoint @ address 0x08008D58, Size = 2, BPHandle = 0x0004
01-000002C4-00-00007294-0006: $OK#9a
00-000002C4-00-00007294-0010: $Z0,8008d5a,2#de
02-00000000-00-00007299-01FA: T3C28 007:295 JLINK_SetBPEx(Addr = 0x08008D5A, Type = 0x02) -- CPU_ReadMem(4 bytes @ 0x08008760) -- CPU_WriteMem(4 bytes @ 0x08008760) -- CPU_ReadMem(4 bytes @ 0x08008760) -- CPU_ReadMem(4 bytes @ 0x08008760) -- CPU_ReadMem(4 bytes @ 0x08008764) -- CPU_WriteMem(4 bytes @ 0x08008764) -- CPU_ReadMem(4 bytes @ 0x08008764) -- CPU_ReadMem(4 bytes @ 0x08008764) -- CPU_ReadMem(4 bytes @ 0x0800879A) -- CPU_WriteMem(4 bytes @ 0x0800879A) -- CPU_ReadMem(4 bytes @ 0x0800879A) -- CPU_ReadMem(4 bytes @ 0x0800879A)
02-00000000-00-00007302-0155:  -- CPU_ReadMem(4 bytes @ 0x08008D58) -- CPU_WriteMem(4 bytes @ 0x08008D58) -- CPU_ReadMem(4 bytes @ 0x08008D58) -- CPU_ReadMem(4 bytes @ 0x08008D58) -- CPU_ReadMem(4 bytes @ 0x08008D5A) -- CPU_WriteMem(4 bytes @ 0x08008D5A) -- CPU_ReadMem(4 bytes @ 0x08008D5A) -- CPU_ReadMem(4 bytes @ 0x08008D5A)  returns 0x00000000 (0008ms, 0839ms total)
03-00000000-00-00007302-0044: Setting breakpoint @ address 0x08008D5A, Size = 2, BPHandle = 0x0000
03-00000000-00-00007302-002A: WARNING: No more breakpoint resources left
01-000002C4-00-00007302-0006: $OK#9a
00-000002C4-00-00007302-0010: $Z0,8008d5e,2#e2
02-00000000-00-00007304-00FB: T3C28 007:303 JLINK_SetBPEx(Addr = 0x08008D5E, Type = 0x02) -- CPU_ReadMem(4 bytes @ 0x08008D5E) -- CPU_WriteMem(4 bytes @ 0x08008D5E) -- CPU_ReadMem(4 bytes @ 0x08008D5E) -- CPU_ReadMem(4 bytes @ 0x08008D5E)  returns 0x00000000 (0002ms, 0841ms total)
03-00000000-00-00007304-0044: Setting breakpoint @ address 0x08008D5E, Size = 2, BPHandle = 0x0000
03-00000000-00-00007304-002A: WARNING: No more breakpoint resources left
01-000002C4-00-00007304-0006: $OK#9a
00-000002C4-00-00007305-000A: $vCont?#49
01-000002C4-00-00007305-0004: $#00
00-000002C4-00-00007305-0007: $Hc0#db
01-000002C4-00-00007305-0006: $OK#9a
00-000002C4-00-00007305-0005: $c#63
03-00000000-00-00007305-0016: Starting target CPU...
02-00000000-00-00007305-0043: T3C28 007:306 JLINK_IsHalted()  returns TRUE (0000ms, 0841ms total)
02-00000000-00-00007312-01F1: T3C28 007:306 JLINK_GoEx(MaxEmulInsts = -1, Flags = 0x00) -- CPU_WriteMem(4 bytes @ 0xE0002000) -- CPU_WriteMem(4 bytes @ 0xE0002000) -- CPU_WriteMem(4 bytes @ 0xE0002000) -- CPU_WriteMem(4 bytes @ 0xE0002000) -- CPU_ReadMem(4 bytes @ 0xE0001000) -- CPU_WriteMem(4 bytes @ 0xE0001000) -- CPU_WriteMem(4 bytes @ 0xE0002008) -- CPU_WriteMem(4 bytes @ 0xE000200C) -- CPU_WriteMem(4 bytes @ 0xE0002010) -- CPU_WriteMem(4 bytes @ 0xE0002014) -- CPU_WriteMem(4 bytes @ 0xE0001004) (0007ms, 0848ms total)
02-00000000-00-00007312-0044: T3C28 007:313 JLINK_IsHalted()  returns FALSE (0000ms, 0848ms total)
02-00000000-00-00007333-0044: T3C28 007:334 JLINK_IsHalted()  returns FALSE (0000ms, 0848ms total)
02-00000000-00-00007357-0043: T3C28 007:355 JLINK_IsHalted()  returns TRUE (0003ms, 0851ms total)
02-00000000-00-00007357-0050: T3C28 007:358 JLINK_ReadReg(R15 (PC))  returns 0x08008D56 (0000ms, 0848ms total)
02-00000000-00-00007358-006A: T3C28 007:358 JLINK_GetMOEs(...) -- CPU_ReadMem(4 bytes @ 0xE000ED30)  returns 0x01 (0001ms, 0849ms total)
03-00000000-00-00007360-002A: ...Breakpoint reached @ address 0x08008D56
01-000002C4-00-00007360-0007: $T05#b9
00-000002C4-00-00007360-0005: $g#67
03-00000000-00-00007361-0015: Reading all registers
02-00000000-00-00007361-004A: T3C28 007:362 JLINK_ReadReg(R0)  returns 0x08008769 (0000ms, 0849ms total)
02-00000000-00-00007361-004A: T3C28 007:362 JLINK_ReadReg(R1)  returns 0x0800C26C (0000ms, 0849ms total)
02-00000000-00-00007361-004A: T3C28 007:362 JLINK_ReadReg(R2)  returns 0x000000C0 (0000ms, 0849ms total)
02-00000000-00-00007361-004A: T3C28 007:362 JLINK_ReadReg(R3)  returns 0x00000000 (0000ms, 0849ms total)
02-00000000-00-00007361-004A: T3C28 007:362 JLINK_ReadReg(R4)  returns 0xA5A5A5A5 (0000ms, 0849ms total)
02-00000000-00-00007361-004A: T3C28 007:362 JLINK_ReadReg(R5)  returns 0xA5A5A5A5 (0000ms, 0849ms total)
02-00000000-00-00007361-004A: T3C28 007:362 JLINK_ReadReg(R6)  returns 0xA5A5A5A5 (0000ms, 0849ms total)
02-00000000-00-00007361-004A: T3C28 007:362 JLINK_ReadReg(R7)  returns 0xA5A5A5A5 (0000ms, 0849ms total)
02-00000000-00-00007361-004A: T3C28 007:362 JLINK_ReadReg(R8)  returns 0xA5A5A5A5 (0000ms, 0849ms total)
02-00000000-00-00007361-004A: T3C28 007:362 JLINK_ReadReg(R9)  returns 0xA5A5A5A5 (0000ms, 0849ms total)
02-00000000-00-00007361-004B: T3C28 007:362 JLINK_ReadReg(R10)  returns 0xA5A5A5A5 (0000ms, 0849ms total)
02-00000000-00-00007361-004B: T3C28 007:362 JLINK_ReadReg(R11)  returns 0xA5A5A5A5 (0000ms, 0849ms total)
02-00000000-00-00007361-004B: T3C28 007:362 JLINK_ReadReg(R12)  returns 0x00000001 (0000ms, 0849ms total)
02-00000000-00-00007361-0050: T3C28 007:362 JLINK_ReadReg(R13 (SP))  returns 0x07FD21A0 (0000ms, 0849ms total)
02-00000000-00-00007361-004B: T3C28 007:362 JLINK_ReadReg(R14)  returns 0x08007237 (0000ms, 0849ms total)
02-00000000-00-00007361-0050: T3C28 007:362 JLINK_ReadReg(R15 (PC))  returns 0x08008D56 (0000ms, 0849ms total)
02-00000000-00-00007361-004C: T3C28 007:362 JLINK_ReadReg(XPSR)  returns 0x01000000 (0000ms, 0849ms total)
02-00000000-00-00007361-004B: T3C28 007:362 JLINK_ReadReg(MSP)  returns 0x07FCFFC0 (0000ms, 0849ms total)
02-00000000-00-00007362-004B: T3C28 007:363 JLINK_ReadReg(PSP)  returns 0x07FD21A0 (0000ms, 0850ms total)
02-00000000-00-00007362-004F: T3C28 007:363 JLINK_ReadReg(PRIMASK)  returns 0x00000000 (0000ms, 0850ms total)
02-00000000-00-00007362-004F: T3C28 007:363 JLINK_ReadReg(BASEPRI)  returns 0x00000000 (0000ms, 0850ms total)
02-00000000-00-00007362-0051: T3C28 007:363 JLINK_ReadReg(FAULTMASK)  returns 0x00000000 (0000ms, 0850ms total)
02-00000000-00-00007362-004F: T3C28 007:363 JLINK_ReadReg(CONTROL)  returns 0x02000000 (0000ms, 0850ms total)
01-000002C4-00-00007362-00BC: $698700086cc20008c000000000000000a5a5a5a5a5a5a5a5a5a5a5a5a5a5a5a5a5a5a5a5a5a5a5a5a5a5a5a5a5a5a5a501000000a021fd0737720008568d000800000001c0fffc07a021fd0700000000000000000000000002000000#d6
00-000002C4-00-00007362-000E: $m8008d56,4#6c
02-00000000-00-00007363-00F4: T3C28 007:363 JLINK_ReadMem (0x08008D56, 0x0004 Bytes, ...) -- CPU_ReadMem(64 bytes @ 0x08008D40) -- Updating DA cache (64 bytes @ 0x08008D40) -- Read from DA cache (4 bytes @ 0x08008D56) - Data: FB F7 65 FF  returns 0x00 (0001ms, 0851ms total)
03-00000000-00-00007363-0035: Read 4 bytes @ address 0x08008D56 (Data = 0xFF65F7FB)
01-000002C4-00-00007363-000C: $fbf765ff#9c
00-000002C4-00-00007380-0010: $z0,8008760,2#a1
03-00000000-00-00007380-0032: Removing breakpoint @ address 0x08008760, Size = 2
02-00000000-00-00007380-0057: T3C28 007:381 JLINK_ClrBPEx(BPHandle = 0x00000001)  returns 0x00 (0000ms, 0851ms total)
01-000002C4-00-00007380-0006: $OK#9a
00-000002C4-00-00007380-0010: $z0,8008764,2#a5
03-00000000-00-00007380-0032: Removing breakpoint @ address 0x08008764, Size = 2
02-00000000-00-00007380-0057: T3C28 007:381 JLINK_ClrBPEx(BPHandle = 0x00000002)  returns 0x00 (0000ms, 0851ms total)
01-000002C4-00-00007380-0006: $OK#9a
00-000002C4-00-00007380-0010: $z0,800879a,2#d5
03-00000000-00-00007381-0032: Removing breakpoint @ address 0x0800879A, Size = 2
02-00000000-00-00007381-0057: T3C28 007:382 JLINK_ClrBPEx(BPHandle = 0x00000003)  returns 0x00 (0000ms, 0851ms total)
01-000002C4-00-00007381-0006: $OK#9a
00-000002C4-00-00007381-0010: $z0,8008d58,2#d5
03-00000000-00-00007382-0032: Removing breakpoint @ address 0x08008D58, Size = 2
02-00000000-00-00007382-0057: T3C28 007:383 JLINK_ClrBPEx(BPHandle = 0x00000004)  returns 0x00 (0000ms, 0851ms total)
01-000002C4-00-00007382-0006: $OK#9a
00-000002C4-00-00007382-0010: $z0,8008d5a,2#fe
03-00000000-00-00007382-0032: Removing breakpoint @ address 0x08008D5A, Size = 2
03-00000000-00-00007382-0032: WARNING: Breakpoint @ address 0x08008D5A not found
01-000002C4-00-00007382-0006: $OK#9a
00-000002C4-00-00007382-0010: $z0,8008d5e,2#02
03-00000000-00-00007382-0032: Removing breakpoint @ address 0x08008D5E, Size = 2
03-00000000-00-00007384-0032: WARNING: Breakpoint @ address 0x08008D5E not found
01-000002C4-00-00007384-0006: $OK#9a
00-000002C4-00-00007384-000E: $m7fd21bc,4#f6
02-00000000-00-00007384-0099: T3C28 007:385 JLINK_ReadMem (0x07FD21BC, 0x0004 Bytes, ...) -- CPU_ReadMem(4 bytes @ 0x07FD21BC) - Data: 51 3B 00 08  returns 0x00 (0000ms, 0851ms total)
03-00000000-00-00007385-0035: Read 4 bytes @ address 0x07FD21BC (Data = 0x08003B51)
01-000002C4-00-00007385-000C: $513b0008#c3
00-000002C4-00-00007386-000E: $m7fd21bc,4#f6
02-00000000-00-00007386-0099: T3C28 007:387 JLINK_ReadMem (0x07FD21BC, 0x0004 Bytes, ...) -- CPU_ReadMem(4 bytes @ 0x07FD21BC) - Data: 51 3B 00 08  returns 0x00 (0000ms, 0851ms total)
03-00000000-00-00007387-0035: Read 4 bytes @ address 0x07FD21BC (Data = 0x08003B51)
01-000002C4-00-00007387-000C: $513b0008#c3
00-000002C4-00-00007387-000E: $m8003b50,4#5f
02-00000000-00-00007388-00F4: T3C28 007:388 JLINK_ReadMem (0x08003B50, 0x0004 Bytes, ...) -- CPU_ReadMem(64 bytes @ 0x08003B40) -- Updating DA cache (64 bytes @ 0x08003B40) -- Read from DA cache (4 bytes @ 0x08003B50) - Data: 08 B5 05 4B  returns 0x00 (0001ms, 0852ms total)
03-00000000-00-00007388-0035: Read 4 bytes @ address 0x08003B50 (Data = 0x4B05B508)
01-000002C4-00-00007388-000C: $08b5054b#fa
02-00000000-00-00009042-0049: T3ADC 009:043 JLINK_GetHWStatus(...)  returns 0x00 (0000ms, 0852ms total)
02-00000000-00-00011250-0049: T3ADC 011:251 JLINK_GetHWStatus(...)  returns 0x00 (0000ms, 0852ms total)
02-00000000-00-00013452-0049: T3ADC 013:453 JLINK_GetHWStatus(...)  returns 0x00 (0000ms, 0852ms total)
00-000002C4-00-00014431-001D: $qXfer:threads:read::0,fff#03
01-000002C4-00-00014431-0005: $l#6c
00-000002C4-00-00014565-001D: $qXfer:threads:read::0,fff#03
01-000002C4-00-00014565-0005: $l#6c
00-000002C4-00-00014597-000E: $m7fd21bc,4#f6
02-00000000-00-00014597-0099: T3C28 014:598 JLINK_ReadMem (0x07FD21BC, 0x0004 Bytes, ...) -- CPU_ReadMem(4 bytes @ 0x07FD21BC) - Data: 51 3B 00 08  returns 0x00 (0000ms, 0852ms total)
03-00000000-00-00014597-0035: Read 4 bytes @ address 0x07FD21BC (Data = 0x08003B51)
01-000002C4-00-00014597-000C: $513b0008#c3
00-000002C4-00-00014598-000E: $m7fd21bc,4#f6
02-00000000-00-00014598-0099: T3C28 014:599 JLINK_ReadMem (0x07FD21BC, 0x0004 Bytes, ...) -- CPU_ReadMem(4 bytes @ 0x07FD21BC) - Data: 51 3B 00 08  returns 0x00 (0000ms, 0852ms total)
03-00000000-00-00014598-0035: Read 4 bytes @ address 0x07FD21BC (Data = 0x08003B51)
01-000002C4-00-00014598-000C: $513b0008#c3
00-000002C4-00-00014598-000E: $m7fd21bc,4#f6
02-00000000-00-00014599-0099: T3C28 014:600 JLINK_ReadMem (0x07FD21BC, 0x0004 Bytes, ...) -- CPU_ReadMem(4 bytes @ 0x07FD21BC) - Data: 51 3B 00 08  returns 0x00 (0000ms, 0852ms total)
03-00000000-00-00014599-0035: Read 4 bytes @ address 0x07FD21BC (Data = 0x08003B51)
01-000002C4-00-00014599-000C: $513b0008#c3
00-000002C4-00-00014599-000E: $m7fd21bc,4#f6
02-00000000-00-00014600-0099: T3C28 014:600 JLINK_ReadMem (0x07FD21BC, 0x0004 Bytes, ...) -- CPU_ReadMem(4 bytes @ 0x07FD21BC) - Data: 51 3B 00 08  returns 0x00 (0001ms, 0853ms total)
03-00000000-00-00014600-0035: Read 4 bytes @ address 0x07FD21BC (Data = 0x08003B51)
01-000002C4-00-00014600-000C: $513b0008#c3
00-000002C4-00-00014600-000E: $m8003b50,4#5f
02-00000000-00-00014600-00A1: T3C28 014:601 JLINK_ReadMem (0x08003B50, 0x0004 Bytes, ...) -- Read from DA cache (4 bytes @ 0x08003B50) - Data: 08 B5 05 4B  returns 0x00 (0000ms, 0853ms total)
03-00000000-00-00014600-0035: Read 4 bytes @ address 0x08003B50 (Data = 0x4B05B508)
01-000002C4-00-00014600-000C: $08b5054b#fa
02-00000000-00-00015658-0049: T3ADC 015:659 JLINK_GetHWStatus(...)  returns 0x00 (0000ms, 0853ms total)
00-000002C4-00-00015970-001D: $qXfer:threads:read::0,fff#03
01-000002C4-00-00015970-0005: $l#6c
00-000002C4-00-00015971-001D: $qXfer:threads:read::0,fff#03
01-000002C4-00-00015971-0005: $l#6c
00-000002C4-00-00017188-000E: $m7fd21b4,4#c7
02-00000000-00-00017188-0099: T3C28 017:189 JLINK_ReadMem (0x07FD21B4, 0x0004 Bytes, ...) -- CPU_ReadMem(4 bytes @ 0x07FD21B4) - Data: A5 A5 A5 A5  returns 0x00 (0000ms, 0853ms total)
03-00000000-00-00017189-0035: Read 4 bytes @ address 0x07FD21B4 (Data = 0xA5A5A5A5)
01-000002C4-00-00017189-000C: $a5a5a5a5#58
00-000002C4-00-00017342-000E: $m7fd21b4,4#c7
02-00000000-00-00017342-0099: T3C28 017:343 JLINK_ReadMem (0x07FD21B4, 0x0004 Bytes, ...) -- CPU_ReadMem(4 bytes @ 0x07FD21B4) - Data: A5 A5 A5 A5  returns 0x00 (0000ms, 0853ms total)
03-00000000-00-00017344-0035: Read 4 bytes @ address 0x07FD21B4 (Data = 0xA5A5A5A5)
01-000002C4-00-00017344-000C: $a5a5a5a5#58
02-00000000-00-00017860-0049: T3ADC 017:861 JLINK_GetHWStatus(...)  returns 0x00 (0000ms, 0853ms total)
02-00000000-00-00020063-0049: T3ADC 020:064 JLINK_GetHWStatus(...)  returns 0x00 (0000ms, 0853ms total)
02-00000000-00-00022265-0049: T3ADC 022:266 JLINK_GetHWStatus(...)  returns 0x00 (0000ms, 0853ms total)
02-00000000-00-00024471-0049: T3ADC 024:472 JLINK_GetHWStatus(...)  returns 0x00 (0000ms, 0853ms total)
02-00000000-00-00026675-0049: T3ADC 026:676 JLINK_GetHWStatus(...)  returns 0x00 (0000ms, 0853ms total)
02-00000000-00-00028880-0049: T3ADC 028:881 JLINK_GetHWStatus(...)  returns 0x00 (0000ms, 0853ms total)
02-00000000-00-00031088-0049: T3ADC 031:089 JLINK_GetHWStatus(...)  returns 0x00 (0000ms, 0853ms total)
02-00000000-00-00033290-0049: T3ADC 033:291 JLINK_GetHWStatus(...)  returns 0x00 (0000ms, 0853ms total)
02-00000000-00-00035495-0049: T3ADC 035:496 JLINK_GetHWStatus(...)  returns 0x00 (0000ms, 0853ms total)
02-00000000-00-00037698-0049: T3ADC 037:699 JLINK_GetHWStatus(...)  returns 0x00 (0000ms, 0853ms total)
02-00000000-00-00039902-0049: T3ADC 039:903 JLINK_GetHWStatus(...)  returns 0x00 (0000ms, 0853ms total)
02-00000000-00-00042105-0049: T3ADC 042:106 JLINK_GetHWStatus(...)  returns 0x00 (0000ms, 0853ms total)
02-00000000-00-00044308-0049: T3ADC 044:309 JLINK_GetHWStatus(...)  returns 0x00 (0000ms, 0853ms total)
02-00000000-00-00046511-0049: T3ADC 046:512 JLINK_GetHWStatus(...)  returns 0x00 (0000ms, 0853ms total)
02-00000000-00-00048714-0049: T3ADC 048:715 JLINK_GetHWStatus(...)  returns 0x00 (0000ms, 0853ms total)
02-00000000-00-00050918-0049: T3ADC 050:919 JLINK_GetHWStatus(...)  returns 0x00 (0000ms, 0853ms total)
02-00000000-00-00053123-0049: T3ADC 053:124 JLINK_GetHWStatus(...)  returns 0x00 (0000ms, 0853ms total)
02-00000000-00-00055328-0049: T3ADC 055:329 JLINK_GetHWStatus(...)  returns 0x00 (0000ms, 0853ms total)
02-00000000-00-00057532-0049: T3ADC 057:533 JLINK_GetHWStatus(...)  returns 0x00 (0000ms, 0853ms total)
02-00000000-00-00059737-0049: T3ADC 059:738 JLINK_GetHWStatus(...)  returns 0x00 (0000ms, 0853ms total)
02-00000000-00-00061948-0049: T3ADC 061:949 JLINK_GetHWStatus(...)  returns 0x00 (0000ms, 0853ms total)
02-00000000-00-00064155-0049: T3ADC 064:155 JLINK_GetHWStatus(...)  returns 0x00 (0001ms, 0854ms total)
02-00000000-00-00066360-0049: T3ADC 066:361 JLINK_GetHWStatus(...)  returns 0x00 (0000ms, 0854ms total)
02-00000000-00-00068570-0049: T3ADC 068:571 JLINK_GetHWStatus(...)  returns 0x00 (0000ms, 0854ms total)
02-00000000-00-00070775-0049: T3ADC 070:776 JLINK_GetHWStatus(...)  returns 0x00 (0000ms, 0854ms total)
02-00000000-00-00072978-0049: T3ADC 072:979 JLINK_GetHWStatus(...)  returns 0x00 (0000ms, 0854ms total)
02-00000000-00-00075181-0049: T3ADC 075:182 JLINK_GetHWStatus(...)  returns 0x00 (0000ms, 0854ms total)
02-00000000-00-00077383-0049: T3ADC 077:384 JLINK_GetHWStatus(...)  returns 0x00 (0000ms, 0854ms total)
00-000002C4-00-00078621-0010: $Z0,8008760,2#81
02-00000000-00-00078621-0066: T3C28 078:622 JLINK_SetBPEx(Addr = 0x08008760, Type = 0x02)  returns 0x00000007 (0000ms, 0854ms total)
03-00000000-00-00078621-0044: Setting breakpoint @ address 0x08008760, Size = 2, BPHandle = 0x0007
01-000002C4-00-00078621-0006: $OK#9a
00-000002C4-00-00078621-0010: $Z0,8008764,2#85
02-00000000-00-00078621-0066: T3C28 078:622 JLINK_SetBPEx(Addr = 0x08008764, Type = 0x02)  returns 0x00000008 (0000ms, 0854ms total)
03-00000000-00-00078621-0044: Setting breakpoint @ address 0x08008764, Size = 2, BPHandle = 0x0008
01-000002C4-00-00078621-0006: $OK#9a
00-000002C4-00-00078621-0010: $Z0,800879a,2#b5
02-00000000-00-00078621-0066: T3C28 078:622 JLINK_SetBPEx(Addr = 0x0800879A, Type = 0x02)  returns 0x00000009 (0000ms, 0854ms total)
03-00000000-00-00078622-0044: Setting breakpoint @ address 0x0800879A, Size = 2, BPHandle = 0x0009
01-000002C4-00-00078622-0006: $OK#9a
00-000002C4-00-00078622-0010: $Z0,8008d58,2#b5
02-00000000-00-00078622-0066: T3C28 078:623 JLINK_SetBPEx(Addr = 0x08008D58, Type = 0x02)  returns 0x0000000A (0000ms, 0854ms total)
03-00000000-00-00078622-0044: Setting breakpoint @ address 0x08008D58, Size = 2, BPHandle = 0x000A
01-000002C4-00-00078622-0006: $OK#9a
00-000002C4-00-00078622-0010: $Z0,8008d5a,2#de
02-00000000-00-00078627-01FA: T3C28 078:623 JLINK_SetBPEx(Addr = 0x08008D5A, Type = 0x02) -- CPU_ReadMem(4 bytes @ 0x08008760) -- CPU_WriteMem(4 bytes @ 0x08008760) -- CPU_ReadMem(4 bytes @ 0x08008760) -- CPU_ReadMem(4 bytes @ 0x08008760) -- CPU_ReadMem(4 bytes @ 0x08008764) -- CPU_WriteMem(4 bytes @ 0x08008764) -- CPU_ReadMem(4 bytes @ 0x08008764) -- CPU_ReadMem(4 bytes @ 0x08008764) -- CPU_ReadMem(4 bytes @ 0x0800879A) -- CPU_WriteMem(4 bytes @ 0x0800879A) -- CPU_ReadMem(4 bytes @ 0x0800879A) -- CPU_ReadMem(4 bytes @ 0x0800879A)
02-00000000-00-00078631-0155:  -- CPU_ReadMem(4 bytes @ 0x08008D58) -- CPU_WriteMem(4 bytes @ 0x08008D58) -- CPU_ReadMem(4 bytes @ 0x08008D58) -- CPU_ReadMem(4 bytes @ 0x08008D58) -- CPU_ReadMem(4 bytes @ 0x08008D5A) -- CPU_WriteMem(4 bytes @ 0x08008D5A) -- CPU_ReadMem(4 bytes @ 0x08008D5A) -- CPU_ReadMem(4 bytes @ 0x08008D5A)  returns 0x00000000 (0009ms, 0863ms total)
03-00000000-00-00078631-0044: Setting breakpoint @ address 0x08008D5A, Size = 2, BPHandle = 0x0000
03-00000000-00-00078631-002A: WARNING: No more breakpoint resources left
01-000002C4-00-00078631-0006: $OK#9a
00-000002C4-00-00078632-0010: $Z0,8008d5e,2#e2
02-00000000-00-00078634-00FB: T3C28 078:633 JLINK_SetBPEx(Addr = 0x08008D5E, Type = 0x02) -- CPU_ReadMem(4 bytes @ 0x08008D5E) -- CPU_WriteMem(4 bytes @ 0x08008D5E) -- CPU_ReadMem(4 bytes @ 0x08008D5E) -- CPU_ReadMem(4 bytes @ 0x08008D5E)  returns 0x00000000 (0002ms, 0865ms total)
03-00000000-00-00078634-0044: Setting breakpoint @ address 0x08008D5E, Size = 2, BPHandle = 0x0000
03-00000000-00-00078634-002A: WARNING: No more breakpoint resources left
01-000002C4-00-00078634-0006: $OK#9a
00-000002C4-00-00078634-0005: $c#63
03-00000000-00-00078634-0016: Starting target CPU...
02-00000000-00-00078635-0043: T3C28 078:635 JLINK_IsHalted()  returns TRUE (0001ms, 0866ms total)
02-00000000-00-00078638-0159: T3C28 078:636 JLINK_GoEx(MaxEmulInsts = -1, Flags = 0x00) -- CPU_WriteMem(4 bytes @ 0xE0002000) -- CPU_WriteMem(4 bytes @ 0xE0002000) -- CPU_WriteMem(4 bytes @ 0xE0002000) -- CPU_WriteMem(4 bytes @ 0xE0002000) -- CPU_ReadMem(4 bytes @ 0xE0001000) -- CPU_WriteMem(4 bytes @ 0xE000ED30) -- CPU_WriteMem(4 bytes @ 0xE0001000) (0003ms, 0868ms total)
02-00000000-00-00078642-0043: T3C28 078:639 JLINK_IsHalted()  returns TRUE (0004ms, 0872ms total)
02-00000000-00-00078642-0050: T3C28 078:643 JLINK_ReadReg(R15 (PC))  returns 0x08008D56 (0000ms, 0868ms total)
02-00000000-00-00078642-006A: T3C28 078:643 JLINK_GetMOEs(...) -- CPU_ReadMem(4 bytes @ 0xE000ED30)  returns 0x01 (0000ms, 0868ms total)
03-00000000-00-00078643-002A: ...Breakpoint reached @ address 0x08008D56
01-000002C4-00-00078643-0007: $T05#b9
00-000002C4-00-00078664-0005: $g#67
03-00000000-00-00078664-0015: Reading all registers
02-00000000-00-00078664-004A: T3C28 078:665 JLINK_ReadReg(R0)  returns 0x08008769 (0000ms, 0868ms total)
02-00000000-00-00078664-004A: T3C28 078:665 JLINK_ReadReg(R1)  returns 0x0800C26C (0000ms, 0868ms total)
02-00000000-00-00078664-004A: T3C28 078:665 JLINK_ReadReg(R2)  returns 0x000000C0 (0000ms, 0868ms total)
02-00000000-00-00078664-004A: T3C28 078:665 JLINK_ReadReg(R3)  returns 0x00000000 (0000ms, 0868ms total)
02-00000000-00-00078664-004A: T3C28 078:665 JLINK_ReadReg(R4)  returns 0xA5A5A5A5 (0000ms, 0868ms total)
02-00000000-00-00078664-004A: T3C28 078:665 JLINK_ReadReg(R5)  returns 0xA5A5A5A5 (0000ms, 0868ms total)
02-00000000-00-00078664-004A: T3C28 078:665 JLINK_ReadReg(R6)  returns 0xA5A5A5A5 (0000ms, 0868ms total)
02-00000000-00-00078664-004A: T3C28 078:665 JLINK_ReadReg(R7)  returns 0xA5A5A5A5 (0000ms, 0868ms total)
02-00000000-00-00078664-004A: T3C28 078:665 JLINK_ReadReg(R8)  returns 0xA5A5A5A5 (0000ms, 0868ms total)
02-00000000-00-00078664-004A: T3C28 078:665 JLINK_ReadReg(R9)  returns 0xA5A5A5A5 (0000ms, 0868ms total)
02-00000000-00-00078664-004B: T3C28 078:665 JLINK_ReadReg(R10)  returns 0xA5A5A5A5 (0000ms, 0868ms total)
02-00000000-00-00078664-004B: T3C28 078:665 JLINK_ReadReg(R11)  returns 0xA5A5A5A5 (0000ms, 0868ms total)
02-00000000-00-00078664-004B: T3C28 078:665 JLINK_ReadReg(R12)  returns 0x00000001 (0000ms, 0868ms total)
02-00000000-00-00078664-0050: T3C28 078:665 JLINK_ReadReg(R13 (SP))  returns 0x07FD21A0 (0000ms, 0868ms total)
02-00000000-00-00078664-004B: T3C28 078:665 JLINK_ReadReg(R14)  returns 0x08007237 (0000ms, 0868ms total)
02-00000000-00-00078664-0050: T3C28 078:665 JLINK_ReadReg(R15 (PC))  returns 0x08008D56 (0000ms, 0868ms total)
02-00000000-00-00078665-004C: T3C28 078:666 JLINK_ReadReg(XPSR)  returns 0x01000000 (0000ms, 0869ms total)
02-00000000-00-00078665-004B: T3C28 078:666 JLINK_ReadReg(MSP)  returns 0x07FCFFC0 (0000ms, 0869ms total)
02-00000000-00-00078665-004B: T3C28 078:666 JLINK_ReadReg(PSP)  returns 0x07FD21A0 (0000ms, 0869ms total)
02-00000000-00-00078665-004F: T3C28 078:666 JLINK_ReadReg(PRIMASK)  returns 0x00000000 (0000ms, 0869ms total)
02-00000000-00-00078665-004F: T3C28 078:666 JLINK_ReadReg(BASEPRI)  returns 0x00000000 (0000ms, 0869ms total)
02-00000000-00-00078665-0051: T3C28 078:666 JLINK_ReadReg(FAULTMASK)  returns 0x00000000 (0000ms, 0869ms total)
02-00000000-00-00078665-004F: T3C28 078:666 JLINK_ReadReg(CONTROL)  returns 0x02000000 (0000ms, 0869ms total)
01-000002C4-00-00078665-00BC: $698700086cc20008c000000000000000a5a5a5a5a5a5a5a5a5a5a5a5a5a5a5a5a5a5a5a5a5a5a5a5a5a5a5a5a5a5a5a501000000a021fd0737720008568d000800000001c0fffc07a021fd0700000000000000000000000002000000#d6
00-000002C4-00-00078665-000E: $m8008d56,4#6c
02-00000000-00-00078666-00F4: T3C28 078:666 JLINK_ReadMem (0x08008D56, 0x0004 Bytes, ...) -- CPU_ReadMem(64 bytes @ 0x08008D40) -- Updating DA cache (64 bytes @ 0x08008D40) -- Read from DA cache (4 bytes @ 0x08008D56) - Data: FB F7 65 FF  returns 0x00 (0001ms, 0870ms total)
03-00000000-00-00078666-0035: Read 4 bytes @ address 0x08008D56 (Data = 0xFF65F7FB)
01-000002C4-00-00078666-000C: $fbf765ff#9c
00-000002C4-00-00078667-0010: $z0,8008760,2#a1
03-00000000-00-00078667-0032: Removing breakpoint @ address 0x08008760, Size = 2
02-00000000-00-00078667-0057: T3C28 078:668 JLINK_ClrBPEx(BPHandle = 0x00000007)  returns 0x00 (0000ms, 0870ms total)
01-000002C4-00-00078667-0006: $OK#9a
00-000002C4-00-00078667-0010: $z0,8008764,2#a5
03-00000000-00-00078667-0032: Removing breakpoint @ address 0x08008764, Size = 2
02-00000000-00-00078667-0057: T3C28 078:668 JLINK_ClrBPEx(BPHandle = 0x00000008)  returns 0x00 (0000ms, 0870ms total)
01-000002C4-00-00078668-0006: $OK#9a
00-000002C4-00-00078668-0010: $z0,800879a,2#d5
03-00000000-00-00078668-0032: Removing breakpoint @ address 0x0800879A, Size = 2
02-00000000-00-00078668-0057: T3C28 078:669 JLINK_ClrBPEx(BPHandle = 0x00000009)  returns 0x00 (0000ms, 0870ms total)
01-000002C4-00-00078668-0006: $OK#9a
00-000002C4-00-00078668-0010: $z0,8008d58,2#d5
03-00000000-00-00078668-0032: Removing breakpoint @ address 0x08008D58, Size = 2
02-00000000-00-00078668-0057: T3C28 078:669 JLINK_ClrBPEx(BPHandle = 0x0000000A)  returns 0x00 (0000ms, 0870ms total)
01-000002C4-00-00078668-0006: $OK#9a
00-000002C4-00-00078668-0010: $z0,8008d5a,2#fe
03-00000000-00-00078668-0032: Removing breakpoint @ address 0x08008D5A, Size = 2
03-00000000-00-00078668-0032: WARNING: Breakpoint @ address 0x08008D5A not found
01-000002C4-00-00078668-0006: $OK#9a
00-000002C4-00-00078669-0010: $z0,8008d5e,2#02
03-00000000-00-00078669-0032: Removing breakpoint @ address 0x08008D5E, Size = 2
03-00000000-00-00078669-0032: WARNING: Breakpoint @ address 0x08008D5E not found
01-000002C4-00-00078669-0006: $OK#9a
00-000002C4-00-00078669-000E: $m7fd21bc,4#f6
02-00000000-00-00078670-0099: T3C28 078:670 JLINK_ReadMem (0x07FD21BC, 0x0004 Bytes, ...) -- CPU_ReadMem(4 bytes @ 0x07FD21BC) - Data: 51 3B 00 08  returns 0x00 (0001ms, 0871ms total)
03-00000000-00-00078670-0035: Read 4 bytes @ address 0x07FD21BC (Data = 0x08003B51)
01-000002C4-00-00078670-000C: $513b0008#c3
00-000002C4-00-00078670-000E: $m7fd21bc,4#f6
02-00000000-00-00078670-0099: T3C28 078:671 JLINK_ReadMem (0x07FD21BC, 0x0004 Bytes, ...) -- CPU_ReadMem(4 bytes @ 0x07FD21BC) - Data: 51 3B 00 08  returns 0x00 (0000ms, 0871ms total)
03-00000000-00-00078670-0035: Read 4 bytes @ address 0x07FD21BC (Data = 0x08003B51)
01-000002C4-00-00078670-000C: $513b0008#c3
00-000002C4-00-00078671-000E: $m8003b50,4#5f
02-00000000-00-00078672-00F4: T3C28 078:672 JLINK_ReadMem (0x08003B50, 0x0004 Bytes, ...) -- CPU_ReadMem(64 bytes @ 0x08003B40) -- Updating DA cache (64 bytes @ 0x08003B40) -- Read from DA cache (4 bytes @ 0x08003B50) - Data: 08 B5 05 4B  returns 0x00 (0001ms, 0872ms total)
03-00000000-00-00078672-0035: Read 4 bytes @ address 0x08003B50 (Data = 0x4B05B508)
01-000002C4-00-00078672-000C: $08b5054b#fa
00-000002C4-00-00078693-000E: $m7fd21b4,4#c7
02-00000000-00-00078693-0099: T3C28 078:694 JLINK_ReadMem (0x07FD21B4, 0x0004 Bytes, ...) -- CPU_ReadMem(4 bytes @ 0x07FD21B4) - Data: A5 A5 A5 A5  returns 0x00 (0000ms, 0872ms total)
03-00000000-00-00078693-0035: Read 4 bytes @ address 0x07FD21B4 (Data = 0xA5A5A5A5)
01-000002C4-00-00078693-000C: $a5a5a5a5#58
00-000002C4-00-00078704-001D: $qXfer:threads:read::0,fff#03
01-000002C4-00-00078704-0005: $l#6c
00-000002C4-00-00078704-001D: $qXfer:threads:read::0,fff#03
01-000002C4-00-00078704-0005: $l#6c
00-000002C4-00-00078715-000E: $m7fd21bc,4#f6
02-00000000-00-00078716-0099: T3C28 078:717 JLINK_ReadMem (0x07FD21BC, 0x0004 Bytes, ...) -- CPU_ReadMem(4 bytes @ 0x07FD21BC) - Data: 51 3B 00 08  returns 0x00 (0000ms, 0872ms total)
03-00000000-00-00078716-0035: Read 4 bytes @ address 0x07FD21BC (Data = 0x08003B51)
01-000002C4-00-00078716-000C: $513b0008#c3
00-000002C4-00-00078717-000E: $m7fd21bc,4#f6
02-00000000-00-00078717-0099: T3C28 078:718 JLINK_ReadMem (0x07FD21BC, 0x0004 Bytes, ...) -- CPU_ReadMem(4 bytes @ 0x07FD21BC) - Data: 51 3B 00 08  returns 0x00 (0000ms, 0872ms total)
03-00000000-00-00078717-0035: Read 4 bytes @ address 0x07FD21BC (Data = 0x08003B51)
01-000002C4-00-00078717-000C: $513b0008#c3
00-000002C4-00-00078717-000E: $m7fd21bc,4#f6
02-00000000-00-00078718-0099: T3C28 078:718 JLINK_ReadMem (0x07FD21BC, 0x0004 Bytes, ...) -- CPU_ReadMem(4 bytes @ 0x07FD21BC) - Data: 51 3B 00 08  returns 0x00 (0001ms, 0873ms total)
03-00000000-00-00078718-0035: Read 4 bytes @ address 0x07FD21BC (Data = 0x08003B51)
01-000002C4-00-00078718-000C: $513b0008#c3
00-000002C4-00-00078718-000E: $m7fd21bc,4#f6
02-00000000-00-00078719-0099: T3C28 078:719 JLINK_ReadMem (0x07FD21BC, 0x0004 Bytes, ...) -- CPU_ReadMem(4 bytes @ 0x07FD21BC) - Data: 51 3B 00 08  returns 0x00 (0001ms, 0874ms total)
03-00000000-00-00078719-0035: Read 4 bytes @ address 0x07FD21BC (Data = 0x08003B51)
01-000002C4-00-00078719-000C: $513b0008#c3
00-000002C4-00-00078719-000E: $m8003b50,4#5f
02-00000000-00-00078719-00A1: T3C28 078:720 JLINK_ReadMem (0x08003B50, 0x0004 Bytes, ...) -- Read from DA cache (4 bytes @ 0x08003B50) - Data: 08 B5 05 4B  returns 0x00 (0000ms, 0874ms total)
03-00000000-00-00078719-0035: Read 4 bytes @ address 0x08003B50 (Data = 0x4B05B508)
01-000002C4-00-00078719-000C: $08b5054b#fa
00-000002C4-00-00078720-001D: $qXfer:threads:read::0,fff#03
01-000002C4-00-00078720-0005: $l#6c
00-000002C4-00-00078734-000E: $m7fd21b4,4#c7
02-00000000-00-00078735-0099: T3C28 078:735 JLINK_ReadMem (0x07FD21B4, 0x0004 Bytes, ...) -- CPU_ReadMem(4 bytes @ 0x07FD21B4) - Data: A5 A5 A5 A5  returns 0x00 (0001ms, 0875ms total)
03-00000000-00-00078735-0035: Read 4 bytes @ address 0x07FD21B4 (Data = 0xA5A5A5A5)
01-000002C4-00-00078735-000C: $a5a5a5a5#58
02-00000000-00-00079587-0049: T3ADC 079:588 JLINK_GetHWStatus(...)  returns 0x00 (0000ms, 0875ms total)
02-00000000-00-00081791-0049: T3ADC 081:792 JLINK_GetHWStatus(...)  returns 0x00 (0000ms, 0875ms total)
02-00000000-00-00083997-0049: T3ADC 083:995 JLINK_GetHWStatus(...)  returns 0x00 (0003ms, 0878ms total)
02-00000000-00-00086209-0049: T3ADC 086:210 JLINK_GetHWStatus(...)  returns 0x00 (0000ms, 0878ms total)
02-00000000-00-00088411-0049: T3ADC 088:412 JLINK_GetHWStatus(...)  returns 0x00 (0000ms, 0878ms total)
02-00000000-00-00090616-0049: T3ADC 090:617 JLINK_GetHWStatus(...)  returns 0x00 (0000ms, 0878ms total)
02-00000000-00-00092822-0049: T3ADC 092:823 JLINK_GetHWStatus(...)  returns 0x00 (0000ms, 0878ms total)
02-00000000-00-00095025-0049: T3ADC 095:026 JLINK_GetHWStatus(...)  returns 0x00 (0000ms, 0878ms total)
02-00000000-00-00097230-0049: T3ADC 097:231 JLINK_GetHWStatus(...)  returns 0x00 (0000ms, 0878ms total)
02-00000000-00-00099433-0049: T3ADC 099:434 JLINK_GetHWStatus(...)  returns 0x00 (0000ms, 0878ms total)
02-00000000-00-00101637-0049: T3ADC 101:638 JLINK_GetHWStatus(...)  returns 0x00 (0000ms, 0878ms total)
02-00000000-00-00103840-0049: T3ADC 103:841 JLINK_GetHWStatus(...)  returns 0x00 (0000ms, 0878ms total)
02-00000000-00-00106048-0049: T3ADC 106:049 JLINK_GetHWStatus(...)  returns 0x00 (0000ms, 0878ms total)
02-00000000-00-00108250-0049: T3ADC 108:251 JLINK_GetHWStatus(...)  returns 0x00 (0000ms, 0878ms total)
02-00000000-00-00110454-0049: T3ADC 110:455 JLINK_GetHWStatus(...)  returns 0x00 (0000ms, 0878ms total)
00-000002C4-00-00110908-0005: $k#6b
03-00000000-00-00110909-001C: GDB closed TCP/IP connection
02-00000000-00-00112657-0049: T3ADC 112:658 JLINK_GetHWStatus(...)  returns 0x00 (0000ms, 0878ms total)
02-00000000-00-00114859-0049: T3ADC 114:860 JLINK_GetHWStatus(...)  returns 0x00 (0000ms, 0878ms total)
02-00000000-00-00117063-0049: T3ADC 117:064 JLINK_GetHWStatus(...)  returns 0x00 (0000ms, 0878ms total)
02-00000000-00-00119266-0049: T3ADC 119:267 JLINK_GetHWStatus(...)  returns 0x00 (0000ms, 0878ms total)
