SEGGER J-Link GDB Server V5.12f Command Line Version

JLinkARM.dll V5.12f (DLL compiled May 17 2016 16:03:35)

-----GDB Server start settings-----
GDBInit file:                  none
GDB Server Listening port:     2331
SWO raw output listening port: 2332
Terminal I/O port:             2333
Accept remote connection:      localhost only
Generate logfile:              on
Verify download:               off
Init regs on start:            off
Silent mode:                   on
Single run mode:               on
Target connection timeout:     0 ms
------J-Link related settings------
J-Link Host interface:         USB
J-Link script:                 none
J-Link settings file:          none
------Target related settings------
Target device:                 Cortex-M0
Target interface:              SWD
Target interface speed:        4000kHz
Target endian:                 little

Could not connect to J-Link.
Please check power, connection and settings.